Determining if the pthread_create exist failed with the following output:
Change Dir: /home/xy/simulation_ws/build/ecl_geometry/CMakeFiles/CMakeTmp

Run Build Command:"/usr/bin/make" "cmTC_b3a3d/fast"
/usr/bin/make -f CMakeFiles/cmTC_b3a3d.dir/build.make CMakeFiles/cmTC_b3a3d.dir/build
make[1]: Entering directory '/home/xy/simulation_ws/build/ecl_geometry/CMakeFiles/CMakeTmp'
Building C object CMakeFiles/cmTC_b3a3d.dir/CheckSymbolExists.c.o
/usr/bin/cc    -o CMakeFiles/cmTC_b3a3d.dir/CheckSymbolExists.c.o   -c /home/xy/simulation_ws/build/ecl_geometry/CMakeFiles/CMakeTmp/CheckSymbolExists.c
Linking C executable cmTC_b3a3d
/usr/bin/cmake -E cmake_link_script CMakeFiles/cmTC_b3a3d.dir/link.txt --verbose=1
/usr/bin/cc      -rdynamic CMakeFiles/cmTC_b3a3d.dir/CheckSymbolExists.c.o  -o cmTC_b3a3d 
CMakeFiles/cmTC_b3a3d.dir/CheckSymbolExists.c.o: In function `main':
CheckSymbolExists.c:(.text+0x1b): undefined reference to `pthread_create'
collect2: error: ld returned 1 exit status
CMakeFiles/cmTC_b3a3d.dir/build.make:97: recipe for target 'cmTC_b3a3d' failed
make[1]: *** [cmTC_b3a3d] Error 1
make[1]: Leaving directory '/home/xy/simulation_ws/build/ecl_geometry/CMakeFiles/CMakeTmp'
Makefile:126: recipe for target 'cmTC_b3a3d/fast' failed
make: *** [cmTC_b3a3d/fast] Error 2

File /home/xy/simulation_ws/build/ecl_geometry/CMakeFiles/CMakeTmp/CheckSymbolExists.c:
/* */
#include <pthread.h>

int main(int argc, char** argv)
{
  (void)argv;
#ifndef pthread_create
  return ((int*)(&pthread_create))[argc];
#else
  (void)argc;
  return 0;
#endif
}

Determining if the function pthread_create exists in the pthreads failed with the following output:
Change Dir: /home/xy/simulation_ws/build/ecl_geometry/CMakeFiles/CMakeTmp

Run Build Command:"/usr/bin/make" "cmTC_fe17b/fast"
/usr/bin/make -f CMakeFiles/cmTC_fe17b.dir/build.make CMakeFiles/cmTC_fe17b.dir/build
make[1]: Entering directory '/home/xy/simulation_ws/build/ecl_geometry/CMakeFiles/CMakeTmp'
Building C object CMakeFiles/cmTC_fe17b.dir/CheckFunctionExists.c.o
/usr/bin/cc   -DCHECK_FUNCTION_EXISTS=pthread_create   -o CMakeFiles/cmTC_fe17b.dir/CheckFunctionExists.c.o   -c /usr/share/cmake-3.10/Modules/CheckFunctionExists.c
Linking C executable cmTC_fe17b
/usr/bin/cmake -E cmake_link_script CMakeFiles/cmTC_fe17b.dir/link.txt --verbose=1
/usr/bin/cc  -DCHECK_FUNCTION_EXISTS=pthread_create    -rdynamic CMakeFiles/cmTC_fe17b.dir/CheckFunctionExists.c.o  -o cmTC_fe17b -lpthreads 
/usr/bin/ld: cannot find -lpthreads
collect2: error: ld returned 1 exit status
CMakeFiles/cmTC_fe17b.dir/build.make:97: recipe for target 'cmTC_fe17b' failed
make[1]: *** [cmTC_fe17b] Error 1
make[1]: Leaving directory '/home/xy/simulation_ws/build/ecl_geometry/CMakeFiles/CMakeTmp'
Makefile:126: recipe for target 'cmTC_fe17b/fast' failed
make: *** [cmTC_fe17b/fast] Error 2


