Determining if the pthread_create exist failed with the following output:
Change Dir: /home/xy/simulation_ws/build/ecl_concepts/CMakeFiles/CMakeTmp

Run Build Command:"/usr/bin/make" "cmTC_d3799/fast"
/usr/bin/make -f CMakeFiles/cmTC_d3799.dir/build.make CMakeFiles/cmTC_d3799.dir/build
make[1]: Entering directory '/home/xy/simulation_ws/build/ecl_concepts/CMakeFiles/CMakeTmp'
Building C object CMakeFiles/cmTC_d3799.dir/CheckSymbolExists.c.o
/usr/bin/cc    -o CMakeFiles/cmTC_d3799.dir/CheckSymbolExists.c.o   -c /home/xy/simulation_ws/build/ecl_concepts/CMakeFiles/CMakeTmp/CheckSymbolExists.c
Linking C executable cmTC_d3799
/usr/bin/cmake -E cmake_link_script CMakeFiles/cmTC_d3799.dir/link.txt --verbose=1
/usr/bin/cc      -rdynamic CMakeFiles/cmTC_d3799.dir/CheckSymbolExists.c.o  -o cmTC_d3799 
CMakeFiles/cmTC_d3799.dir/CheckSymbolExists.c.o: In function `main':
CheckSymbolExists.c:(.text+0x1b): undefined reference to `pthread_create'
collect2: error: ld returned 1 exit status
CMakeFiles/cmTC_d3799.dir/build.make:97: recipe for target 'cmTC_d3799' failed
make[1]: *** [cmTC_d3799] Error 1
make[1]: Leaving directory '/home/xy/simulation_ws/build/ecl_concepts/CMakeFiles/CMakeTmp'
Makefile:126: recipe for target 'cmTC_d3799/fast' failed
make: *** [cmTC_d3799/fast] Error 2

File /home/xy/simulation_ws/build/ecl_concepts/CMakeFiles/CMakeTmp/CheckSymbolExists.c:
/* */
#include <pthread.h>

int main(int argc, char** argv)
{
  (void)argv;
#ifndef pthread_create
  return ((int*)(&pthread_create))[argc];
#else
  (void)argc;
  return 0;
#endif
}

Determining if the function pthread_create exists in the pthreads failed with the following output:
Change Dir: /home/xy/simulation_ws/build/ecl_concepts/CMakeFiles/CMakeTmp

Run Build Command:"/usr/bin/make" "cmTC_43c7e/fast"
/usr/bin/make -f CMakeFiles/cmTC_43c7e.dir/build.make CMakeFiles/cmTC_43c7e.dir/build
make[1]: Entering directory '/home/xy/simulation_ws/build/ecl_concepts/CMakeFiles/CMakeTmp'
Building C object CMakeFiles/cmTC_43c7e.dir/CheckFunctionExists.c.o
/usr/bin/cc   -DCHECK_FUNCTION_EXISTS=pthread_create   -o CMakeFiles/cmTC_43c7e.dir/CheckFunctionExists.c.o   -c /usr/share/cmake-3.10/Modules/CheckFunctionExists.c
Linking C executable cmTC_43c7e
/usr/bin/cmake -E cmake_link_script CMakeFiles/cmTC_43c7e.dir/link.txt --verbose=1
/usr/bin/cc  -DCHECK_FUNCTION_EXISTS=pthread_create    -rdynamic CMakeFiles/cmTC_43c7e.dir/CheckFunctionExists.c.o  -o cmTC_43c7e -lpthreads 
/usr/bin/ld: cannot find -lpthreads
collect2: error: ld returned 1 exit status
CMakeFiles/cmTC_43c7e.dir/build.make:97: recipe for target 'cmTC_43c7e' failed
make[1]: *** [cmTC_43c7e] Error 1
make[1]: Leaving directory '/home/xy/simulation_ws/build/ecl_concepts/CMakeFiles/CMakeTmp'
Makefile:126: recipe for target 'cmTC_43c7e/fast' failed
make: *** [cmTC_43c7e/fast] Error 2


