Linked: (/home/xy/simulation_ws/devel/.private/ecl_core_apps/lib/pkgconfig/ecl_core_apps.pc, /home/xy/simulation_ws/devel/lib/pkgconfig/ecl_core_apps.pc)
Linked: (/home/xy/simulation_ws/devel/.private/ecl_core_apps/lib/ecl_core_apps/bench_streams, /home/xy/simulation_ws/devel/lib/ecl_core_apps/bench_streams)
Linked: (/home/xy/simulation_ws/devel/.private/ecl_core_apps/lib/ecl_core_apps/bench_eigen3_transforms, /home/xy/simulation_ws/devel/lib/ecl_core_apps/bench_eigen3_transforms)
Linked: (/home/xy/simulation_ws/devel/.private/ecl_core_apps/lib/ecl_core_apps/bench_string_conversions, /home/xy/simulation_ws/devel/lib/ecl_core_apps/bench_string_conversions)
Linked: (/home/xy/simulation_ws/devel/.private/ecl_core_apps/lib/ecl_core_apps/bench_snooze, /home/xy/simulation_ws/devel/lib/ecl_core_apps/bench_snooze)
Linked: (/home/xy/simulation_ws/devel/.private/ecl_core_apps/lib/ecl_core_apps/bench_flops, /home/xy/simulation_ws/devel/lib/ecl_core_apps/bench_flops)
Linked: (/home/xy/simulation_ws/devel/.private/ecl_core_apps/lib/ecl_core_apps/ecl_socket_client, /home/xy/simulation_ws/devel/lib/ecl_core_apps/ecl_socket_client)
Linked: (/home/xy/simulation_ws/devel/.private/ecl_core_apps/lib/ecl_core_apps/bench_containers, /home/xy/simulation_ws/devel/lib/ecl_core_apps/bench_containers)
Linked: (/home/xy/simulation_ws/devel/.private/ecl_core_apps/lib/ecl_core_apps/bench_files, /home/xy/simulation_ws/devel/lib/ecl_core_apps/bench_files)
Linked: (/home/xy/simulation_ws/devel/.private/ecl_core_apps/lib/ecl_core_apps/bench_exceptions, /home/xy/simulation_ws/devel/lib/ecl_core_apps/bench_exceptions)
Linked: (/home/xy/simulation_ws/devel/.private/ecl_core_apps/lib/ecl_core_apps/bench_eigen3_inverse, /home/xy/simulation_ws/devel/lib/ecl_core_apps/bench_eigen3_inverse)
Linked: (/home/xy/simulation_ws/devel/.private/ecl_core_apps/lib/ecl_core_apps/ecl_hex, /home/xy/simulation_ws/devel/lib/ecl_core_apps/ecl_hex)
Linked: (/home/xy/simulation_ws/devel/.private/ecl_core_apps/lib/ecl_core_apps/ecl_socket_server, /home/xy/simulation_ws/devel/lib/ecl_core_apps/ecl_socket_server)
Linked: (/home/xy/simulation_ws/devel/.private/ecl_core_apps/lib/ecl_core_apps/ecl_process_statistics, /home/xy/simulation_ws/devel/lib/ecl_core_apps/ecl_process_statistics)
Linked: (/home/xy/simulation_ws/devel/.private/ecl_core_apps/lib/ecl_core_apps/ecl_serial, /home/xy/simulation_ws/devel/lib/ecl_core_apps/ecl_serial)
Linked: (/home/xy/simulation_ws/devel/.private/ecl_core_apps/lib/ecl_core_apps/bench_eigen3_decompositions, /home/xy/simulation_ws/devel/lib/ecl_core_apps/bench_eigen3_decompositions)
Linked: (/home/xy/simulation_ws/devel/.private/ecl_core_apps/share/ecl_core_apps/cmake/ecl_core_appsConfig.cmake, /home/xy/simulation_ws/devel/share/ecl_core_apps/cmake/ecl_core_appsConfig.cmake)
Linked: (/home/xy/simulation_ws/devel/.private/ecl_core_apps/share/ecl_core_apps/cmake/ecl_core_appsConfig-version.cmake, /home/xy/simulation_ws/devel/share/ecl_core_apps/cmake/ecl_core_appsConfig-version.cmake)
Linked: (/home/xy/simulation_ws/devel/.private/ecl_core_apps/bin/ecl_yaw2quaternion, /home/xy/simulation_ws/devel/bin/ecl_yaw2quaternion)
Linked: (/home/xy/simulation_ws/devel/.private/ecl_core_apps/bin/ecl_quaternion2yaw, /home/xy/simulation_ws/devel/bin/ecl_quaternion2yaw)
