Symlinking /home/xy/simulation_ws/devel/lib/libopenni2_driver_lib.so
Symlinking /home/xy/simulation_ws/devel/lib/libopenni2_wrapper.so
Symlinking /home/xy/simulation_ws/devel/lib/libopenni2_camera_nodelet.so
Symlinking /home/xy/simulation_ws/devel/lib/pkgconfig/openni2_camera.pc
Symlinking /home/xy/simulation_ws/devel/lib/openni2_camera/usb_reset
Symlinking /home/xy/simulation_ws/devel/lib/openni2_camera/test_wrapper
Symlinking /home/xy/simulation_ws/devel/lib/openni2_camera/openni2_camera_node
Symlinking /home/xy/simulation_ws/devel/lib/openni2_camera/list_devices
Symlinking /home/xy/simulation_ws/devel/lib/python2.7/dist-packages/openni2_camera/__init__.py
Symlinking /home/xy/simulation_ws/devel/lib/python2.7/dist-packages/openni2_camera/srv/__init__.py
Symlinking /home/xy/simulation_ws/devel/lib/python2.7/dist-packages/openni2_camera/srv/_GetSerial.py
Symlinking /home/xy/simulation_ws/devel/lib/python2.7/dist-packages/openni2_camera/cfg/OpenNI2Config.py
Symlinking /home/xy/simulation_ws/devel/lib/python2.7/dist-packages/openni2_camera/cfg/__init__.py
Symlinking /home/xy/simulation_ws/devel/share/openni2_camera/cmake/openni2_cameraConfig.cmake
Symlinking /home/xy/simulation_ws/devel/share/openni2_camera/cmake/openni2_cameraConfig-version.cmake
Symlinking /home/xy/simulation_ws/devel/share/openni2_camera/cmake/openni2_camera-msg-extras.cmake
Symlinking /home/xy/simulation_ws/devel/share/openni2_camera/cmake/openni2_camera-msg-paths.cmake
Symlinking /home/xy/simulation_ws/devel/share/openni2_camera/docs/OpenNI2Config.dox
Symlinking /home/xy/simulation_ws/devel/share/openni2_camera/docs/OpenNI2Config-usage.dox
Symlinking /home/xy/simulation_ws/devel/share/openni2_camera/docs/OpenNI2Config.wikidoc
Symlinking /home/xy/simulation_ws/devel/share/roseus/ros/openni2_camera/manifest.l
Symlinking /home/xy/simulation_ws/devel/share/roseus/ros/openni2_camera/srv/GetSerial.l
Symlinking /home/xy/simulation_ws/devel/share/gennodejs/ros/openni2_camera/_index.js
Symlinking /home/xy/simulation_ws/devel/share/gennodejs/ros/openni2_camera/srv/_index.js
Symlinking /home/xy/simulation_ws/devel/share/gennodejs/ros/openni2_camera/srv/GetSerial.js
Symlinking /home/xy/simulation_ws/devel/share/common-lisp/ros/openni2_camera/srv/openni2_camera-srv.asd
Symlinking /home/xy/simulation_ws/devel/share/common-lisp/ros/openni2_camera/srv/_package.lisp
Symlinking /home/xy/simulation_ws/devel/share/common-lisp/ros/openni2_camera/srv/_package_GetSerial.lisp
Symlinking /home/xy/simulation_ws/devel/share/common-lisp/ros/openni2_camera/srv/GetSerial.lisp
Symlinking /home/xy/simulation_ws/devel/include/openni2_camera/GetSerial.h
Symlinking /home/xy/simulation_ws/devel/include/openni2_camera/OpenNI2Config.h
Symlinking /home/xy/simulation_ws/devel/include/openni2_camera/GetSerialRequest.h
Symlinking /home/xy/simulation_ws/devel/include/openni2_camera/GetSerialResponse.h
