[35m[1mScanning dependencies of target usb_reset[0m
[  3%] [32mBuilding C object CMakeFiles/usb_reset.dir/src/usb_reset.c.o[0m
[  6%] [32m[1mLinking C executable /home/xy/simulation_ws/devel/.private/openni2_camera/lib/openni2_camera/usb_reset[0m
[35m[1mScanning dependencies of target openni2_camera_gencfg[0m
[ 10%] [34m[1mGenerating dynamic reconfigure files from cfg/OpenNI2.cfg: /home/xy/simulation_ws/devel/.private/openni2_camera/include/openni2_camera/OpenNI2Config.h /home/xy/simulation_ws/devel/.private/openni2_camera/lib/python2.7/dist-packages/openni2_camera/cfg/OpenNI2Config.py[0m
[ 10%] Built target usb_reset
[35m[1mScanning dependencies of target openni2_wrapper[0m
Generating reconfiguration files for OpenNI2 in openni2_camera
Wrote header file in /home/xy/simulation_ws/devel/.private/openni2_camera/include/openni2_camera/OpenNI2Config.h
[ 13%] [32mBuilding CXX object CMakeFiles/openni2_wrapper.dir/src/openni2_convert.cpp.o[0m
[ 13%] Built target openni2_camera_gencfg
[35m[1mScanning dependencies of target _openni2_camera_generate_messages_check_deps_GetSerial[0m
[ 13%] Built target _openni2_camera_generate_messages_check_deps_GetSerial
[ 17%] [32mBuilding CXX object CMakeFiles/openni2_wrapper.dir/src/openni2_device.cpp.o[0m
[ 20%] [32mBuilding CXX object CMakeFiles/openni2_wrapper.dir/src/openni2_device_info.cpp.o[0m
[ 24%] [32mBuilding CXX object CMakeFiles/openni2_wrapper.dir/src/openni2_timer_filter.cpp.o[0m
In file included from [01m[K/home/xy/simulation_ws/src/openni2_camera/openni2_camera/src/openni2_device.cpp:38:0[m[K:
[01m[K/home/xy/simulation_ws/src/openni2_camera/openni2_camera/include/openni2_camera/openni2_device.h:67:48:[m[K [01;35m[Kwarning: [m[Kdynamic exception specifications are deprecated in C++11 [[01;35m[K-Wdeprecated[m[K]
   OpenNI2Device(const std::string& device_URI) [01;35m[Kthrow[m[K (OpenNI2Exception);
                                                [01;35m[K^~~~~[m[K
[01m[K/home/xy/simulation_ws/src/openni2_camera/openni2_camera/include/openni2_camera/openni2_device.h:99:47:[m[K [01;35m[Kwarning: [m[Kdynamic exception specifications are deprecated in C++11 [[01;35m[K-Wdeprecated[m[K]
   void setImageRegistrationMode(bool enabled) [01;35m[Kthrow[m[K (OpenNI2Exception);
                                               [01;35m[K^~~~~[m[K
[01m[K/home/xy/simulation_ws/src/openni2_camera/openni2_camera/include/openni2_camera/openni2_device.h:100:40:[m[K [01;35m[Kwarning: [m[Kdynamic exception specifications are deprecated in C++11 [[01;35m[K-Wdeprecated[m[K]
   void setDepthColorSync(bool enabled) [01;35m[Kthrow[m[K (OpenNI2Exception);
                                        [01;35m[K^~~~~[m[K
[01m[K/home/xy/simulation_ws/src/openni2_camera/openni2_camera/include/openni2_camera/openni2_device.h:102:43:[m[K [01;35m[Kwarning: [m[Kdynamic exception specifications are deprecated in C++11 [[01;35m[K-Wdeprecated[m[K]
   const OpenNI2VideoMode getIRVideoMode() [01;35m[Kthrow[m[K (OpenNI2Exception);
                                           [01;35m[K^~~~~[m[K
[01m[K/home/xy/simulation_ws/src/openni2_camera/openni2_camera/include/openni2_camera/openni2_device.h:103:46:[m[K [01;35m[Kwarning: [m[Kdynamic exception specifications are deprecated in C++11 [[01;35m[K-Wdeprecated[m[K]
   const OpenNI2VideoMode getColorVideoMode() [01;35m[Kthrow[m[K (OpenNI2Exception);
                                              [01;35m[K^~~~~[m[K
[01m[K/home/xy/simulation_ws/src/openni2_camera/openni2_camera/include/openni2_camera/openni2_device.h:104:46:[m[K [01;35m[Kwarning: [m[Kdynamic exception specifications are deprecated in C++11 [[01;35m[K-Wdeprecated[m[K]
   const OpenNI2VideoMode getDepthVideoMode() [01;35m[Kthrow[m[K (OpenNI2Exception);
                                              [01;35m[K^~~~~[m[K
[01m[K/home/xy/simulation_ws/src/openni2_camera/openni2_camera/include/openni2_camera/openni2_device.h:114:59:[m[K [01;35m[Kwarning: [m[Kdynamic exception specifications are deprecated in C++11 [[01;35m[K-Wdeprecated[m[K]
   void setIRVideoMode(const OpenNI2VideoMode& video_mode) [01;35m[Kthrow[m[K (OpenNI2Exception);
                                                           [01;35m[K^~~~~[m[K
[01m[K/home/xy/simulation_ws/src/openni2_camera/openni2_camera/include/openni2_camera/openni2_device.h:115:62:[m[K [01;35m[Kwarning: [m[Kdynamic exception specifications are deprecated in C++11 [[01;35m[K-Wdeprecated[m[K]
   void setColorVideoMode(const OpenNI2VideoMode& video_mode) [01;35m[Kthrow[m[K (OpenNI2Exception);
                                                              [01;35m[K^~~~~[m[K
[01m[K/home/xy/simulation_ws/src/openni2_camera/openni2_camera/include/openni2_camera/openni2_device.h:116:62:[m[K [01;35m[Kwarning: [m[Kdynamic exception specifications are deprecated in C++11 [[01;35m[K-Wdeprecated[m[K]
   void setDepthVideoMode(const OpenNI2VideoMode& video_mode) [01;35m[Kthrow[m[K (OpenNI2Exception);
                                                              [01;35m[K^~~~~[m[K
[01m[K/home/xy/simulation_ws/src/openni2_camera/openni2_camera/include/openni2_camera/openni2_device.h:127:37:[m[K [01;35m[Kwarning: [m[Kdynamic exception specifications are deprecated in C++11 [[01;35m[K-Wdeprecated[m[K]
   void setAutoExposure(bool enable) [01;35m[Kthrow[m[K (OpenNI2Exception);
                                     [01;35m[K^~~~~[m[K
[01m[K/home/xy/simulation_ws/src/openni2_camera/openni2_camera/include/openni2_camera/openni2_device.h:128:41:[m[K [01;35m[Kwarning: [m[Kdynamic exception specifications are deprecated in C++11 [[01;35m[K-Wdeprecated[m[K]
   void setAutoWhiteBalance(bool enable) [01;35m[Kthrow[m[K (OpenNI2Exception);
                                         [01;35m[K^~~~~[m[K
[01m[K/home/xy/simulation_ws/src/openni2_camera/openni2_camera/include/openni2_camera/openni2_device.h:129:34:[m[K [01;35m[Kwarning: [m[Kdynamic exception specifications are deprecated in C++11 [[01;35m[K-Wdeprecated[m[K]
   void setExposure(int exposure) [01;35m[Kthrow[m[K (OpenNI2Exception);
                                  [01;35m[K^~~~~[m[K
[01m[K/home/xy/simulation_ws/src/openni2_camera/openni2_camera/include/openni2_camera/openni2_device.h:140:67:[m[K [01;35m[Kwarning: [m[Kdynamic exception specifications are deprecated in C++11 [[01;35m[K-Wdeprecated[m[K]
   boost::shared_ptr<openni::VideoStream> getIRVideoStream() const [01;35m[Kthrow[m[K (OpenNI2Exception);
                                                                   [01;35m[K^~~~~[m[K
[01m[K/home/xy/simulation_ws/src/openni2_camera/openni2_camera/include/openni2_camera/openni2_device.h:141:70:[m[K [01;35m[Kwarning: [m[Kdynamic exception specifications are deprecated in C++11 [[01;35m[K-Wdeprecated[m[K]
   boost::shared_ptr<openni::VideoStream> getColorVideoStream() const [01;35m[Kthrow[m[K (OpenNI2Exception);
                                                                      [01;35m[K^~~~~[m[K
[01m[K/home/xy/simulation_ws/src/openni2_camera/openni2_camera/include/openni2_camera/openni2_device.h:142:70:[m[K [01;35m[Kwarning: [m[Kdynamic exception specifications are deprecated in C++11 [[01;35m[K-Wdeprecated[m[K]
   boost::shared_ptr<openni::VideoStream> getDepthVideoStream() const [01;35m[Kthrow[m[K (OpenNI2Exception);
                                                                      [01;35m[K^~~~~[m[K
[01m[K/home/xy/simulation_ws/src/openni2_camera/openni2_camera/src/openni2_device.cpp:51:61:[m[K [01;35m[Kwarning: [m[Kdynamic exception specifications are deprecated in C++11 [[01;35m[K-Wdeprecated[m[K]
 OpenNI2Device::OpenNI2Device(const std::string& device_URI) [01;35m[Kthrow[m[K (OpenNI2Exception) :
                                                             [01;35m[K^~~~~[m[K
[01m[K/home/xy/simulation_ws/src/openni2_camera/openni2_camera/src/openni2_device.cpp:418:60:[m[K [01;35m[Kwarning: [m[Kdynamic exception specifications are deprecated in C++11 [[01;35m[K-Wdeprecated[m[K]
 void OpenNI2Device::setImageRegistrationMode(bool enabled) [01;35m[Kthrow[m[K (OpenNI2Exception)
                                                            [01;35m[K^~~~~[m[K
[01m[K/home/xy/simulation_ws/src/openni2_camera/openni2_camera/src/openni2_device.cpp:438:53:[m[K [01;35m[Kwarning: [m[Kdynamic exception specifications are deprecated in C++11 [[01;35m[K-Wdeprecated[m[K]
 void OpenNI2Device::setDepthColorSync(bool enabled) [01;35m[Kthrow[m[K (OpenNI2Exception)
                                                     [01;35m[K^~~~~[m[K
[01m[K/home/xy/simulation_ws/src/openni2_camera/openni2_camera/src/openni2_device.cpp:445:56:[m[K [01;35m[Kwarning: [m[Kdynamic exception specifications are deprecated in C++11 [[01;35m[K-Wdeprecated[m[K]
 const OpenNI2VideoMode OpenNI2Device::getIRVideoMode() [01;35m[Kthrow[m[K (OpenNI2Exception)
                                                        [01;35m[K^~~~~[m[K
[01m[K/home/xy/simulation_ws/src/openni2_camera/openni2_camera/src/openni2_device.cpp:463:59:[m[K [01;35m[Kwarning: [m[Kdynamic exception specifications are deprecated in C++11 [[01;35m[K-Wdeprecated[m[K]
 const OpenNI2VideoMode OpenNI2Device::getColorVideoMode() [01;35m[Kthrow[m[K (OpenNI2Exception)
                                                           [01;35m[K^~~~~[m[K
[01m[K/home/xy/simulation_ws/src/openni2_camera/openni2_camera/src/openni2_device.cpp:481:59:[m[K [01;35m[Kwarning: [m[Kdynamic exception specifications are deprecated in C++11 [[01;35m[K-Wdeprecated[m[K]
 const OpenNI2VideoMode OpenNI2Device::getDepthVideoMode() [01;35m[Kthrow[m[K (OpenNI2Exception)
                                                           [01;35m[K^~~~~[m[K
[35m[1mScanning dependencies of target openni2_camera_generate_messages_cpp[0m
[01m[K/home/xy/simulation_ws/src/openni2_camera/openni2_camera/src/openni2_device.cpp:499:72:[m[K [01;35m[Kwarning: [m[Kdynamic exception specifications are deprecated in C++11 [[01;35m[K-Wdeprecated[m[K]
 void OpenNI2Device::setIRVideoMode(const OpenNI2VideoMode& video_mode) [01;35m[Kthrow[m[K (OpenNI2Exception)
                                                                        [01;35m[K^~~~~[m[K
[01m[K/home/xy/simulation_ws/src/openni2_camera/openni2_camera/src/openni2_device.cpp:512:75:[m[K [01;35m[Kwarning: [m[Kdynamic exception specifications are deprecated in C++11 [[01;35m[K-Wdeprecated[m[K]
 void OpenNI2Device::setColorVideoMode(const OpenNI2VideoMode& video_mode) [01;35m[Kthrow[m[K (OpenNI2Exception)
                                                                           [01;35m[K^~~~~[m[K
[01m[K/home/xy/simulation_ws/src/openni2_camera/openni2_camera/src/openni2_device.cpp:525:75:[m[K [01;35m[Kwarning: [m[Kdynamic exception specifications are deprecated in C++11 [[01;35m[K-Wdeprecated[m[K]
 void OpenNI2Device::setDepthVideoMode(const OpenNI2VideoMode& video_mode) [01;35m[Kthrow[m[K (OpenNI2Exception)
                                                                           [01;35m[K^~~~~[m[K
[01m[K/home/xy/simulation_ws/src/openni2_camera/openni2_camera/src/openni2_device.cpp:538:50:[m[K [01;35m[Kwarning: [m[Kdynamic exception specifications are deprecated in C++11 [[01;35m[K-Wdeprecated[m[K]
 void OpenNI2Device::setAutoExposure(bool enable) [01;35m[Kthrow[m[K (OpenNI2Exception)
                                                  [01;35m[K^~~~~[m[K
[01m[K/home/xy/simulation_ws/src/openni2_camera/openni2_camera/src/openni2_device.cpp:554:54:[m[K [01;35m[Kwarning: [m[Kdynamic exception specifications are deprecated in C++11 [[01;35m[K-Wdeprecated[m[K]
 void OpenNI2Device::setAutoWhiteBalance(bool enable) [01;35m[Kthrow[m[K (OpenNI2Exception)
                                                      [01;35m[K^~~~~[m[K
[01m[K/home/xy/simulation_ws/src/openni2_camera/openni2_camera/src/openni2_device.cpp:571:47:[m[K [01;35m[Kwarning: [m[Kdynamic exception specifications are deprecated in C++11 [[01;35m[K-Wdeprecated[m[K]
 void OpenNI2Device::setExposure(int exposure) [01;35m[Kthrow[m[K (OpenNI2Exception)
                                               [01;35m[K^~~~~[m[K
[01m[K/home/xy/simulation_ws/src/openni2_camera/openni2_camera/src/openni2_device.cpp:662:80:[m[K [01;35m[Kwarning: [m[Kdynamic exception specifications are deprecated in C++11 [[01;35m[K-Wdeprecated[m[K]
 boost::shared_ptr<openni::VideoStream> OpenNI2Device::getIRVideoStream() const [01;35m[Kthrow[m[K (OpenNI2Exception)
                                                                                [01;35m[K^~~~~[m[K
[01m[K/home/xy/simulation_ws/src/openni2_camera/openni2_camera/src/openni2_device.cpp:678:83:[m[K [01;35m[Kwarning: [m[Kdynamic exception specifications are deprecated in C++11 [[01;35m[K-Wdeprecated[m[K]
 boost::shared_ptr<openni::VideoStream> OpenNI2Device::getColorVideoStream() const [01;35m[Kthrow[m[K (OpenNI2Exception)
                                                                                   [01;35m[K^~~~~[m[K
[01m[K/home/xy/simulation_ws/src/openni2_camera/openni2_camera/src/openni2_device.cpp:694:83:[m[K [01;35m[Kwarning: [m[Kdynamic exception specifications are deprecated in C++11 [[01;35m[K-Wdeprecated[m[K]
 boost::shared_ptr<openni::VideoStream> OpenNI2Device::getDepthVideoStream() const [01;35m[Kthrow[m[K (OpenNI2Exception)
                                                                                   [01;35m[K^~~~~[m[K
[ 27%] [34m[1mGenerating C++ code from openni2_camera/GetSerial.srv[0m
[ 27%] Built target openni2_camera_generate_messages_cpp
[ 31%] [32mBuilding CXX object CMakeFiles/openni2_wrapper.dir/src/openni2_frame_listener.cpp.o[0m
[35m[1mScanning dependencies of target openni2_camera_generate_messages_nodejs[0m
[ 34%] [34m[1mGenerating Javascript code from openni2_camera/GetSerial.srv[0m
[ 34%] Built target openni2_camera_generate_messages_nodejs
[ 37%] [32mBuilding CXX object CMakeFiles/openni2_wrapper.dir/src/openni2_device_manager.cpp.o[0m
[ 41%] [32mBuilding CXX object CMakeFiles/openni2_wrapper.dir/src/openni2_exception.cpp.o[0m
[35m[1mScanning dependencies of target openni2_camera_generate_messages_lisp[0m
[ 44%] [34m[1mGenerating Lisp code from openni2_camera/GetSerial.srv[0m
[ 44%] Built target openni2_camera_generate_messages_lisp
[35m[1mScanning dependencies of target openni2_camera_generate_messages_py[0m
[ 48%] [34m[1mGenerating Python code from SRV openni2_camera/GetSerial[0m
[ 51%] [34m[1mGenerating Python srv __init__.py for openni2_camera[0m
[ 51%] Built target openni2_camera_generate_messages_py
[ 55%] [32mBuilding CXX object CMakeFiles/openni2_wrapper.dir/src/openni2_video_mode.cpp.o[0m
In file included from [01m[K/home/xy/simulation_ws/src/openni2_camera/openni2_camera/include/openni2_camera/openni2_frame_listener.h:35:0[m[K,
                 from [01m[K/home/xy/simulation_ws/src/openni2_camera/openni2_camera/src/openni2_frame_listener.cpp:33[m[K:
[01m[K/home/xy/simulation_ws/src/openni2_camera/openni2_camera/include/openni2_camera/openni2_device.h:67:48:[m[K [01;35m[Kwarning: [m[Kdynamic exception specifications are deprecated in C++11 [[01;35m[K-Wdeprecated[m[K]
   OpenNI2Device(const std::string& device_URI) [01;35m[Kthrow[m[K (OpenNI2Exception);
                                                [01;35m[K^~~~~[m[K
[01m[K/home/xy/simulation_ws/src/openni2_camera/openni2_camera/include/openni2_camera/openni2_device.h:99:47:[m[K [01;35m[Kwarning: [m[Kdynamic exception specifications are deprecated in C++11 [[01;35m[K-Wdeprecated[m[K]
   void setImageRegistrationMode(bool enabled) [01;35m[Kthrow[m[K (OpenNI2Exception);
                                               [01;35m[K^~~~~[m[K
[01m[K/home/xy/simulation_ws/src/openni2_camera/openni2_camera/include/openni2_camera/openni2_device.h:100:40:[m[K [01;35m[Kwarning: [m[Kdynamic exception specifications are deprecated in C++11 [[01;35m[K-Wdeprecated[m[K]
   void setDepthColorSync(bool enabled) [01;35m[Kthrow[m[K (OpenNI2Exception);
                                        [01;35m[K^~~~~[m[K
[01m[K/home/xy/simulation_ws/src/openni2_camera/openni2_camera/include/openni2_camera/openni2_device.h:102:43:[m[K [01;35m[Kwarning: [m[Kdynamic exception specifications are deprecated in C++11 [[01;35m[K-Wdeprecated[m[K]
   const OpenNI2VideoMode getIRVideoMode() [01;35m[Kthrow[m[K (OpenNI2Exception);
                                           [01;35m[K^~~~~[m[K
[01m[K/home/xy/simulation_ws/src/openni2_camera/openni2_camera/include/openni2_camera/openni2_device.h:103:46:[m[K [01;35m[Kwarning: [m[Kdynamic exception specifications are deprecated in C++11 [[01;35m[K-Wdeprecated[m[K]
   const OpenNI2VideoMode getColorVideoMode() [01;35m[Kthrow[m[K (OpenNI2Exception);
                                              [01;35m[K^~~~~[m[K
[01m[K/home/xy/simulation_ws/src/openni2_camera/openni2_camera/include/openni2_camera/openni2_device.h:104:46:[m[K [01;35m[Kwarning: [m[Kdynamic exception specifications are deprecated in C++11 [[01;35m[K-Wdeprecated[m[K]
   const OpenNI2VideoMode getDepthVideoMode() [01;35m[Kthrow[m[K (OpenNI2Exception);
                                              [01;35m[K^~~~~[m[K
[01m[K/home/xy/simulation_ws/src/openni2_camera/openni2_camera/include/openni2_camera/openni2_device.h:114:59:[m[K [01;35m[Kwarning: [m[Kdynamic exception specifications are deprecated in C++11 [[01;35m[K-Wdeprecated[m[K]
   void setIRVideoMode(const OpenNI2VideoMode& video_mode) [01;35m[Kthrow[m[K (OpenNI2Exception);
                                                           [01;35m[K^~~~~[m[K
[01m[K/home/xy/simulation_ws/src/openni2_camera/openni2_camera/include/openni2_camera/openni2_device.h:115:62:[m[K [01;35m[Kwarning: [m[Kdynamic exception specifications are deprecated in C++11 [[01;35m[K-Wdeprecated[m[K]
   void setColorVideoMode(const OpenNI2VideoMode& video_mode) [01;35m[Kthrow[m[K (OpenNI2Exception);
                                                              [01;35m[K^~~~~[m[K
[01m[K/home/xy/simulation_ws/src/openni2_camera/openni2_camera/include/openni2_camera/openni2_device.h:116:62:[m[K [01;35m[Kwarning: [m[Kdynamic exception specifications are deprecated in C++11 [[01;35m[K-Wdeprecated[m[K]
   void setDepthVideoMode(const OpenNI2VideoMode& video_mode) [01;35m[Kthrow[m[K (OpenNI2Exception);
                                                              [01;35m[K^~~~~[m[K
[01m[K/home/xy/simulation_ws/src/openni2_camera/openni2_camera/include/openni2_camera/openni2_device.h:127:37:[m[K [01;35m[Kwarning: [m[Kdynamic exception specifications are deprecated in C++11 [[01;35m[K-Wdeprecated[m[K]
   void setAutoExposure(bool enable) [01;35m[Kthrow[m[K (OpenNI2Exception);
                                     [01;35m[K^~~~~[m[K
[01m[K/home/xy/simulation_ws/src/openni2_camera/openni2_camera/include/openni2_camera/openni2_device.h:128:41:[m[K [01;35m[Kwarning: [m[Kdynamic exception specifications are deprecated in C++11 [[01;35m[K-Wdeprecated[m[K]
   void setAutoWhiteBalance(bool enable) [01;35m[Kthrow[m[K (OpenNI2Exception);
                                         [01;35m[K^~~~~[m[K
[01m[K/home/xy/simulation_ws/src/openni2_camera/openni2_camera/include/openni2_camera/openni2_device.h:129:34:[m[K [01;35m[Kwarning: [m[Kdynamic exception specifications are deprecated in C++11 [[01;35m[K-Wdeprecated[m[K]
   void setExposure(int exposure) [01;35m[Kthrow[m[K (OpenNI2Exception);
                                  [01;35m[K^~~~~[m[K
[01m[K/home/xy/simulation_ws/src/openni2_camera/openni2_camera/include/openni2_camera/openni2_device.h:140:67:[m[K [01;35m[Kwarning: [m[Kdynamic exception specifications are deprecated in C++11 [[01;35m[K-Wdeprecated[m[K]
   boost::shared_ptr<openni::VideoStream> getIRVideoStream() const [01;35m[Kthrow[m[K (OpenNI2Exception);
                                                                   [01;35m[K^~~~~[m[K
[01m[K/home/xy/simulation_ws/src/openni2_camera/openni2_camera/include/openni2_camera/openni2_device.h:141:70:[m[K [01;35m[Kwarning: [m[Kdynamic exception specifications are deprecated in C++11 [[01;35m[K-Wdeprecated[m[K]
   boost::shared_ptr<openni::VideoStream> getColorVideoStream() const [01;35m[Kthrow[m[K (OpenNI2Exception);
                                                                      [01;35m[K^~~~~[m[K
[01m[K/home/xy/simulation_ws/src/openni2_camera/openni2_camera/include/openni2_camera/openni2_device.h:142:70:[m[K [01;35m[Kwarning: [m[Kdynamic exception specifications are deprecated in C++11 [[01;35m[K-Wdeprecated[m[K]
   boost::shared_ptr<openni::VideoStream> getDepthVideoStream() const [01;35m[Kthrow[m[K (OpenNI2Exception);
                                                                      [01;35m[K^~~~~[m[K
[35m[1mScanning dependencies of target openni2_camera_generate_messages_eus[0m
[ 58%] [34m[1mGenerating EusLisp code from openni2_camera/GetSerial.srv[0m
[ 62%] [34m[1mGenerating EusLisp manifest code for openni2_camera[0m
In file included from [01m[K/home/xy/simulation_ws/src/openni2_camera/openni2_camera/src/openni2_device_manager.cpp:34:0[m[K:
[01m[K/home/xy/simulation_ws/src/openni2_camera/openni2_camera/include/openni2_camera/openni2_device.h:67:48:[m[K [01;35m[Kwarning: [m[Kdynamic exception specifications are deprecated in C++11 [[01;35m[K-Wdeprecated[m[K]
   OpenNI2Device(const std::string& device_URI) [01;35m[Kthrow[m[K (OpenNI2Exception);
                                                [01;35m[K^~~~~[m[K
[01m[K/home/xy/simulation_ws/src/openni2_camera/openni2_camera/include/openni2_camera/openni2_device.h:99:47:[m[K [01;35m[Kwarning: [m[Kdynamic exception specifications are deprecated in C++11 [[01;35m[K-Wdeprecated[m[K]
   void setImageRegistrationMode(bool enabled) [01;35m[Kthrow[m[K (OpenNI2Exception);
                                               [01;35m[K^~~~~[m[K
[01m[K/home/xy/simulation_ws/src/openni2_camera/openni2_camera/include/openni2_camera/openni2_device.h:100:40:[m[K [01;35m[Kwarning: [m[Kdynamic exception specifications are deprecated in C++11 [[01;35m[K-Wdeprecated[m[K]
   void setDepthColorSync(bool enabled) [01;35m[Kthrow[m[K (OpenNI2Exception);
                                        [01;35m[K^~~~~[m[K
[01m[K/home/xy/simulation_ws/src/openni2_camera/openni2_camera/include/openni2_camera/openni2_device.h:102:43:[m[K [01;35m[Kwarning: [m[Kdynamic exception specifications are deprecated in C++11 [[01;35m[K-Wdeprecated[m[K]
   const OpenNI2VideoMode getIRVideoMode() [01;35m[Kthrow[m[K (OpenNI2Exception);
                                           [01;35m[K^~~~~[m[K
[01m[K/home/xy/simulation_ws/src/openni2_camera/openni2_camera/include/openni2_camera/openni2_device.h:103:46:[m[K [01;35m[Kwarning: [m[Kdynamic exception specifications are deprecated in C++11 [[01;35m[K-Wdeprecated[m[K]
   const OpenNI2VideoMode getColorVideoMode() [01;35m[Kthrow[m[K (OpenNI2Exception);
                                              [01;35m[K^~~~~[m[K
[01m[K/home/xy/simulation_ws/src/openni2_camera/openni2_camera/include/openni2_camera/openni2_device.h:104:46:[m[K [01;35m[Kwarning: [m[Kdynamic exception specifications are deprecated in C++11 [[01;35m[K-Wdeprecated[m[K]
   const OpenNI2VideoMode getDepthVideoMode() [01;35m[Kthrow[m[K (OpenNI2Exception);
                                              [01;35m[K^~~~~[m[K
[01m[K/home/xy/simulation_ws/src/openni2_camera/openni2_camera/include/openni2_camera/openni2_device.h:114:59:[m[K [01;35m[Kwarning: [m[Kdynamic exception specifications are deprecated in C++11 [[01;35m[K-Wdeprecated[m[K]
   void setIRVideoMode(const OpenNI2VideoMode& video_mode) [01;35m[Kthrow[m[K (OpenNI2Exception);
                                                           [01;35m[K^~~~~[m[K
[01m[K/home/xy/simulation_ws/src/openni2_camera/openni2_camera/include/openni2_camera/openni2_device.h:115:62:[m[K [01;35m[Kwarning: [m[Kdynamic exception specifications are deprecated in C++11 [[01;35m[K-Wdeprecated[m[K]
   void setColorVideoMode(const OpenNI2VideoMode& video_mode) [01;35m[Kthrow[m[K (OpenNI2Exception);
                                                              [01;35m[K^~~~~[m[K
[01m[K/home/xy/simulation_ws/src/openni2_camera/openni2_camera/include/openni2_camera/openni2_device.h:116:62:[m[K [01;35m[Kwarning: [m[Kdynamic exception specifications are deprecated in C++11 [[01;35m[K-Wdeprecated[m[K]
   void setDepthVideoMode(const OpenNI2VideoMode& video_mode) [01;35m[Kthrow[m[K (OpenNI2Exception);
                                                              [01;35m[K^~~~~[m[K
[01m[K/home/xy/simulation_ws/src/openni2_camera/openni2_camera/include/openni2_camera/openni2_device.h:127:37:[m[K [01;35m[Kwarning: [m[Kdynamic exception specifications are deprecated in C++11 [[01;35m[K-Wdeprecated[m[K]
   void setAutoExposure(bool enable) [01;35m[Kthrow[m[K (OpenNI2Exception);
                                     [01;35m[K^~~~~[m[K
[01m[K/home/xy/simulation_ws/src/openni2_camera/openni2_camera/include/openni2_camera/openni2_device.h:128:41:[m[K [01;35m[Kwarning: [m[Kdynamic exception specifications are deprecated in C++11 [[01;35m[K-Wdeprecated[m[K]
   void setAutoWhiteBalance(bool enable) [01;35m[Kthrow[m[K (OpenNI2Exception);
                                         [01;35m[K^~~~~[m[K
[01m[K/home/xy/simulation_ws/src/openni2_camera/openni2_camera/include/openni2_camera/openni2_device.h:129:34:[m[K [01;35m[Kwarning: [m[Kdynamic exception specifications are deprecated in C++11 [[01;35m[K-Wdeprecated[m[K]
   void setExposure(int exposure) [01;35m[Kthrow[m[K (OpenNI2Exception);
                                  [01;35m[K^~~~~[m[K
[01m[K/home/xy/simulation_ws/src/openni2_camera/openni2_camera/include/openni2_camera/openni2_device.h:140:67:[m[K [01;35m[Kwarning: [m[Kdynamic exception specifications are deprecated in C++11 [[01;35m[K-Wdeprecated[m[K]
   boost::shared_ptr<openni::VideoStream> getIRVideoStream() const [01;35m[Kthrow[m[K (OpenNI2Exception);
                                                                   [01;35m[K^~~~~[m[K
[01m[K/home/xy/simulation_ws/src/openni2_camera/openni2_camera/include/openni2_camera/openni2_device.h:141:70:[m[K [01;35m[Kwarning: [m[Kdynamic exception specifications are deprecated in C++11 [[01;35m[K-Wdeprecated[m[K]
   boost::shared_ptr<openni::VideoStream> getColorVideoStream() const [01;35m[Kthrow[m[K (OpenNI2Exception);
                                                                      [01;35m[K^~~~~[m[K
[01m[K/home/xy/simulation_ws/src/openni2_camera/openni2_camera/include/openni2_camera/openni2_device.h:142:70:[m[K [01;35m[Kwarning: [m[Kdynamic exception specifications are deprecated in C++11 [[01;35m[K-Wdeprecated[m[K]
   boost::shared_ptr<openni::VideoStream> getDepthVideoStream() const [01;35m[Kthrow[m[K (OpenNI2Exception);
                                                                      [01;35m[K^~~~~[m[K
[ 65%] [32m[1mLinking CXX shared library /home/xy/simulation_ws/devel/.private/openni2_camera/lib/libopenni2_wrapper.so[0m
[ 65%] Built target openni2_wrapper
[35m[1mScanning dependencies of target openni2_driver_lib[0m
[ 68%] [32mBuilding CXX object CMakeFiles/openni2_driver_lib.dir/src/openni2_driver.cpp.o[0m
[35m[1mScanning dependencies of target test_wrapper[0m
[ 72%] [32mBuilding CXX object CMakeFiles/test_wrapper.dir/test/test_wrapper.cpp.o[0m
In file included from [01m[K/home/xy/simulation_ws/src/openni2_camera/openni2_camera/test/test_wrapper.cpp:33:0[m[K:
[01m[K/home/xy/simulation_ws/src/openni2_camera/openni2_camera/include/openni2_camera/openni2_device.h:67:48:[m[K [01;35m[Kwarning: [m[Kdynamic exception specifications are deprecated in C++11 [[01;35m[K-Wdeprecated[m[K]
   OpenNI2Device(const std::string& device_URI) [01;35m[Kthrow[m[K (OpenNI2Exception);
                                                [01;35m[K^~~~~[m[K
[01m[K/home/xy/simulation_ws/src/openni2_camera/openni2_camera/include/openni2_camera/openni2_device.h:99:47:[m[K [01;35m[Kwarning: [m[Kdynamic exception specifications are deprecated in C++11 [[01;35m[K-Wdeprecated[m[K]
   void setImageRegistrationMode(bool enabled) [01;35m[Kthrow[m[K (OpenNI2Exception);
                                               [01;35m[K^~~~~[m[K
[01m[K/home/xy/simulation_ws/src/openni2_camera/openni2_camera/include/openni2_camera/openni2_device.h:100:40:[m[K [01;35m[Kwarning: [m[Kdynamic exception specifications are deprecated in C++11 [[01;35m[K-Wdeprecated[m[K]
   void setDepthColorSync(bool enabled) [01;35m[Kthrow[m[K (OpenNI2Exception);
                                        [01;35m[K^~~~~[m[K
[01m[K/home/xy/simulation_ws/src/openni2_camera/openni2_camera/include/openni2_camera/openni2_device.h:102:43:[m[K [01;35m[Kwarning: [m[Kdynamic exception specifications are deprecated in C++11 [[01;35m[K-Wdeprecated[m[K]
   const OpenNI2VideoMode getIRVideoMode() [01;35m[Kthrow[m[K (OpenNI2Exception);
                                           [01;35m[K^~~~~[m[K
[01m[K/home/xy/simulation_ws/src/openni2_camera/openni2_camera/include/openni2_camera/openni2_device.h:103:46:[m[K [01;35m[Kwarning: [m[Kdynamic exception specifications are deprecated in C++11 [[01;35m[K-Wdeprecated[m[K]
   const OpenNI2VideoMode getColorVideoMode() [01;35m[Kthrow[m[K (OpenNI2Exception);
                                              [01;35m[K^~~~~[m[K
[01m[K/home/xy/simulation_ws/src/openni2_camera/openni2_camera/include/openni2_camera/openni2_device.h:104:46:[m[K [01;35m[Kwarning: [m[Kdynamic exception specifications are deprecated in C++11 [[01;35m[K-Wdeprecated[m[K]
   const OpenNI2VideoMode getDepthVideoMode() [01;35m[Kthrow[m[K (OpenNI2Exception);
                                              [01;35m[K^~~~~[m[K
[01m[K/home/xy/simulation_ws/src/openni2_camera/openni2_camera/include/openni2_camera/openni2_device.h:114:59:[m[K [01;35m[Kwarning: [m[Kdynamic exception specifications are deprecated in C++11 [[01;35m[K-Wdeprecated[m[K]
   void setIRVideoMode(const OpenNI2VideoMode& video_mode) [01;35m[Kthrow[m[K (OpenNI2Exception);
                                                           [01;35m[K^~~~~[m[K
[01m[K/home/xy/simulation_ws/src/openni2_camera/openni2_camera/include/openni2_camera/openni2_device.h:115:62:[m[K [01;35m[Kwarning: [m[Kdynamic exception specifications are deprecated in C++11 [[01;35m[K-Wdeprecated[m[K]
   void setColorVideoMode(const OpenNI2VideoMode& video_mode) [01;35m[Kthrow[m[K (OpenNI2Exception);
                                                              [01;35m[K^~~~~[m[K
[01m[K/home/xy/simulation_ws/src/openni2_camera/openni2_camera/include/openni2_camera/openni2_device.h:116:62:[m[K [01;35m[Kwarning: [m[Kdynamic exception specifications are deprecated in C++11 [[01;35m[K-Wdeprecated[m[K]
   void setDepthVideoMode(const OpenNI2VideoMode& video_mode) [01;35m[Kthrow[m[K (OpenNI2Exception);
                                                              [01;35m[K^~~~~[m[K
[01m[K/home/xy/simulation_ws/src/openni2_camera/openni2_camera/include/openni2_camera/openni2_device.h:127:37:[m[K [01;35m[Kwarning: [m[Kdynamic exception specifications are deprecated in C++11 [[01;35m[K-Wdeprecated[m[K]
   void setAutoExposure(bool enable) [01;35m[Kthrow[m[K (OpenNI2Exception);
                                     [01;35m[K^~~~~[m[K
[01m[K/home/xy/simulation_ws/src/openni2_camera/openni2_camera/include/openni2_camera/openni2_device.h:128:41:[m[K [01;35m[Kwarning: [m[Kdynamic exception specifications are deprecated in C++11 [[01;35m[K-Wdeprecated[m[K]
   void setAutoWhiteBalance(bool enable) [01;35m[Kthrow[m[K (OpenNI2Exception);
                                         [01;35m[K^~~~~[m[K
[01m[K/home/xy/simulation_ws/src/openni2_camera/openni2_camera/include/openni2_camera/openni2_device.h:129:34:[m[K [01;35m[Kwarning: [m[Kdynamic exception specifications are deprecated in C++11 [[01;35m[K-Wdeprecated[m[K]
   void setExposure(int exposure) [01;35m[Kthrow[m[K (OpenNI2Exception);
                                  [01;35m[K^~~~~[m[K
[01m[K/home/xy/simulation_ws/src/openni2_camera/openni2_camera/include/openni2_camera/openni2_device.h:140:67:[m[K [01;35m[Kwarning: [m[Kdynamic exception specifications are deprecated in C++11 [[01;35m[K-Wdeprecated[m[K]
   boost::shared_ptr<openni::VideoStream> getIRVideoStream() const [01;35m[Kthrow[m[K (OpenNI2Exception);
                                                                   [01;35m[K^~~~~[m[K
[01m[K/home/xy/simulation_ws/src/openni2_camera/openni2_camera/include/openni2_camera/openni2_device.h:141:70:[m[K [01;35m[Kwarning: [m[Kdynamic exception specifications are deprecated in C++11 [[01;35m[K-Wdeprecated[m[K]
   boost::shared_ptr<openni::VideoStream> getColorVideoStream() const [01;35m[Kthrow[m[K (OpenNI2Exception);
                                                                      [01;35m[K^~~~~[m[K
[01m[K/home/xy/simulation_ws/src/openni2_camera/openni2_camera/include/openni2_camera/openni2_device.h:142:70:[m[K [01;35m[Kwarning: [m[Kdynamic exception specifications are deprecated in C++11 [[01;35m[K-Wdeprecated[m[K]
   boost::shared_ptr<openni::VideoStream> getDepthVideoStream() const [01;35m[Kthrow[m[K (OpenNI2Exception);
                                                                      [01;35m[K^~~~~[m[K
In file included from [01m[K/home/xy/simulation_ws/src/openni2_camera/openni2_camera/include/openni2_camera/openni2_driver.h:52:0[m[K,
                 from [01m[K/home/xy/simulation_ws/src/openni2_camera/openni2_camera/src/openni2_driver.cpp:32[m[K:
[01m[K/home/xy/simulation_ws/src/openni2_camera/openni2_camera/include/openni2_camera/openni2_device.h:67:48:[m[K [01;35m[Kwarning: [m[Kdynamic exception specifications are deprecated in C++11 [[01;35m[K-Wdeprecated[m[K]
   OpenNI2Device(const std::string& device_URI) [01;35m[Kthrow[m[K (OpenNI2Exception);
                                                [01;35m[K^~~~~[m[K
[01m[K/home/xy/simulation_ws/src/openni2_camera/openni2_camera/include/openni2_camera/openni2_device.h:99:47:[m[K [01;35m[Kwarning: [m[Kdynamic exception specifications are deprecated in C++11 [[01;35m[K-Wdeprecated[m[K]
   void setImageRegistrationMode(bool enabled) [01;35m[Kthrow[m[K (OpenNI2Exception);
                                               [01;35m[K^~~~~[m[K
[01m[K/home/xy/simulation_ws/src/openni2_camera/openni2_camera/include/openni2_camera/openni2_device.h:100:40:[m[K [01;35m[Kwarning: [m[Kdynamic exception specifications are deprecated in C++11 [[01;35m[K-Wdeprecated[m[K]
   void setDepthColorSync(bool enabled) [01;35m[Kthrow[m[K (OpenNI2Exception);
                                        [01;35m[K^~~~~[m[K
[01m[K/home/xy/simulation_ws/src/openni2_camera/openni2_camera/include/openni2_camera/openni2_device.h:102:43:[m[K [01;35m[Kwarning: [m[Kdynamic exception specifications are deprecated in C++11 [[01;35m[K-Wdeprecated[m[K]
   const OpenNI2VideoMode getIRVideoMode() [01;35m[Kthrow[m[K (OpenNI2Exception);
                                           [01;35m[K^~~~~[m[K
[01m[K/home/xy/simulation_ws/src/openni2_camera/openni2_camera/include/openni2_camera/openni2_device.h:103:46:[m[K [01;35m[Kwarning: [m[Kdynamic exception specifications are deprecated in C++11 [[01;35m[K-Wdeprecated[m[K]
   const OpenNI2VideoMode getColorVideoMode() [01;35m[Kthrow[m[K (OpenNI2Exception);
                                              [01;35m[K^~~~~[m[K
[01m[K/home/xy/simulation_ws/src/openni2_camera/openni2_camera/include/openni2_camera/openni2_device.h:104:46:[m[K [01;35m[Kwarning: [m[Kdynamic exception specifications are deprecated in C++11 [[01;35m[K-Wdeprecated[m[K]
   const OpenNI2VideoMode getDepthVideoMode() [01;35m[Kthrow[m[K (OpenNI2Exception);
                                              [01;35m[K^~~~~[m[K
[01m[K/home/xy/simulation_ws/src/openni2_camera/openni2_camera/include/openni2_camera/openni2_device.h:114:59:[m[K [01;35m[Kwarning: [m[Kdynamic exception specifications are deprecated in C++11 [[01;35m[K-Wdeprecated[m[K]
   void setIRVideoMode(const OpenNI2VideoMode& video_mode) [01;35m[Kthrow[m[K (OpenNI2Exception);
                                                           [01;35m[K^~~~~[m[K
[01m[K/home/xy/simulation_ws/src/openni2_camera/openni2_camera/include/openni2_camera/openni2_device.h:115:62:[m[K [01;35m[Kwarning: [m[Kdynamic exception specifications are deprecated in C++11 [[01;35m[K-Wdeprecated[m[K]
   void setColorVideoMode(const OpenNI2VideoMode& video_mode) [01;35m[Kthrow[m[K (OpenNI2Exception);
                                                              [01;35m[K^~~~~[m[K
[01m[K/home/xy/simulation_ws/src/openni2_camera/openni2_camera/include/openni2_camera/openni2_device.h:116:62:[m[K [01;35m[Kwarning: [m[Kdynamic exception specifications are deprecated in C++11 [[01;35m[K-Wdeprecated[m[K]
   void setDepthVideoMode(const OpenNI2VideoMode& video_mode) [01;35m[Kthrow[m[K (OpenNI2Exception);
                                                              [01;35m[K^~~~~[m[K
[01m[K/home/xy/simulation_ws/src/openni2_camera/openni2_camera/include/openni2_camera/openni2_device.h:127:37:[m[K [01;35m[Kwarning: [m[Kdynamic exception specifications are deprecated in C++11 [[01;35m[K-Wdeprecated[m[K]
   void setAutoExposure(bool enable) [01;35m[Kthrow[m[K (OpenNI2Exception);
                                     [01;35m[K^~~~~[m[K
[01m[K/home/xy/simulation_ws/src/openni2_camera/openni2_camera/include/openni2_camera/openni2_device.h:128:41:[m[K [01;35m[Kwarning: [m[Kdynamic exception specifications are deprecated in C++11 [[01;35m[K-Wdeprecated[m[K]
   void setAutoWhiteBalance(bool enable) [01;35m[Kthrow[m[K (OpenNI2Exception);
                                         [01;35m[K^~~~~[m[K
[01m[K/home/xy/simulation_ws/src/openni2_camera/openni2_camera/include/openni2_camera/openni2_device.h:129:34:[m[K [01;35m[Kwarning: [m[Kdynamic exception specifications are deprecated in C++11 [[01;35m[K-Wdeprecated[m[K]
   void setExposure(int exposure) [01;35m[Kthrow[m[K (OpenNI2Exception);
                                  [01;35m[K^~~~~[m[K
[01m[K/home/xy/simulation_ws/src/openni2_camera/openni2_camera/include/openni2_camera/openni2_device.h:140:67:[m[K [01;35m[Kwarning: [m[Kdynamic exception specifications are deprecated in C++11 [[01;35m[K-Wdeprecated[m[K]
   boost::shared_ptr<openni::VideoStream> getIRVideoStream() const [01;35m[Kthrow[m[K (OpenNI2Exception);
                                                                   [01;35m[K^~~~~[m[K
[01m[K/home/xy/simulation_ws/src/openni2_camera/openni2_camera/include/openni2_camera/openni2_device.h:141:70:[m[K [01;35m[Kwarning: [m[Kdynamic exception specifications are deprecated in C++11 [[01;35m[K-Wdeprecated[m[K]
   boost::shared_ptr<openni::VideoStream> getColorVideoStream() const [01;35m[Kthrow[m[K (OpenNI2Exception);
                                                                      [01;35m[K^~~~~[m[K
[01m[K/home/xy/simulation_ws/src/openni2_camera/openni2_camera/include/openni2_camera/openni2_device.h:142:70:[m[K [01;35m[Kwarning: [m[Kdynamic exception specifications are deprecated in C++11 [[01;35m[K-Wdeprecated[m[K]
   boost::shared_ptr<openni::VideoStream> getDepthVideoStream() const [01;35m[Kthrow[m[K (OpenNI2Exception);
                                                                      [01;35m[K^~~~~[m[K
In file included from [01m[K/home/xy/simulation_ws/src/openni2_camera/openni2_camera/src/openni2_driver.cpp:32:0[m[K:
[01m[K/home/xy/simulation_ws/src/openni2_camera/openni2_camera/include/openni2_camera/openni2_driver.h:84:62:[m[K [01;35m[Kwarning: [m[Kdynamic exception specifications are deprecated in C++11 [[01;35m[K-Wdeprecated[m[K]
   std::string resolveDeviceURI(const std::string& device_id) [01;35m[Kthrow[m[K(OpenNI2Exception);
                                                              [01;35m[K^~~~~[m[K
[01m[K/home/xy/simulation_ws/src/openni2_camera/openni2_camera/src/openni2_driver.cpp:726:75:[m[K [01;35m[Kwarning: [m[Kdynamic exception specifications are deprecated in C++11 [[01;35m[K-Wdeprecated[m[K]
 std::string OpenNI2Driver::resolveDeviceURI(const std::string& device_id) [01;35m[Kthrow[m[K(OpenNI2Exception)
                                                                           [01;35m[K^~~~~[m[K
[ 75%] [32m[1mLinking CXX executable /home/xy/simulation_ws/devel/.private/openni2_camera/lib/openni2_camera/test_wrapper[0m
[ 75%] Built target test_wrapper
[35m[1mScanning dependencies of target list_devices[0m
[ 79%] [32mBuilding CXX object CMakeFiles/list_devices.dir/src/list_devices.cpp.o[0m
[ 82%] [32m[1mLinking CXX executable /home/xy/simulation_ws/devel/.private/openni2_camera/lib/openni2_camera/list_devices[0m
[ 82%] Built target list_devices
[ 86%] [32m[1mLinking CXX shared library /home/xy/simulation_ws/devel/.private/openni2_camera/lib/libopenni2_driver_lib.so[0m
[ 86%] Built target openni2_camera_generate_messages_eus
[35m[1mScanning dependencies of target openni2_camera_generate_messages[0m
[ 86%] Built target openni2_camera_generate_messages
[ 86%] Built target openni2_driver_lib
[35m[1mScanning dependencies of target openni2_camera_node[0m
[ 89%] [32mBuilding CXX object CMakeFiles/openni2_camera_node.dir/ros/openni2_camera_node.cpp.o[0m
In file included from [01m[K/home/xy/simulation_ws/src/openni2_camera/openni2_camera/include/openni2_camera/openni2_driver.h:52:0[m[K,
                 from [01m[K/home/xy/simulation_ws/src/openni2_camera/openni2_camera/ros/openni2_camera_node.cpp:32[m[K:
[01m[K/home/xy/simulation_ws/src/openni2_camera/openni2_camera/include/openni2_camera/openni2_device.h:67:48:[m[K [01;35m[Kwarning: [m[Kdynamic exception specifications are deprecated in C++11 [[01;35m[K-Wdeprecated[m[K]
   OpenNI2Device(const std::string& device_URI) [01;35m[Kthrow[m[K (OpenNI2Exception);
                                                [01;35m[K^~~~~[m[K
[01m[K/home/xy/simulation_ws/src/openni2_camera/openni2_camera/include/openni2_camera/openni2_device.h:99:47:[m[K [01;35m[Kwarning: [m[Kdynamic exception specifications are deprecated in C++11 [[01;35m[K-Wdeprecated[m[K]
   void setImageRegistrationMode(bool enabled) [01;35m[Kthrow[m[K (OpenNI2Exception);
                                               [01;35m[K^~~~~[m[K
[01m[K/home/xy/simulation_ws/src/openni2_camera/openni2_camera/include/openni2_camera/openni2_device.h:100:40:[m[K [01;35m[Kwarning: [m[Kdynamic exception specifications are deprecated in C++11 [[01;35m[K-Wdeprecated[m[K]
   void setDepthColorSync(bool enabled) [01;35m[Kthrow[m[K (OpenNI2Exception);
                                        [01;35m[K^~~~~[m[K
[01m[K/home/xy/simulation_ws/src/openni2_camera/openni2_camera/include/openni2_camera/openni2_device.h:102:43:[m[K [01;35m[Kwarning: [m[Kdynamic exception specifications are deprecated in C++11 [[01;35m[K-Wdeprecated[m[K]
   const OpenNI2VideoMode getIRVideoMode() [01;35m[Kthrow[m[K (OpenNI2Exception);
                                           [01;35m[K^~~~~[m[K
[01m[K/home/xy/simulation_ws/src/openni2_camera/openni2_camera/include/openni2_camera/openni2_device.h:103:46:[m[K [01;35m[Kwarning: [m[Kdynamic exception specifications are deprecated in C++11 [[01;35m[K-Wdeprecated[m[K]
   const OpenNI2VideoMode getColorVideoMode() [01;35m[Kthrow[m[K (OpenNI2Exception);
                                              [01;35m[K^~~~~[m[K
[01m[K/home/xy/simulation_ws/src/openni2_camera/openni2_camera/include/openni2_camera/openni2_device.h:104:46:[m[K [01;35m[Kwarning: [m[Kdynamic exception specifications are deprecated in C++11 [[01;35m[K-Wdeprecated[m[K]
   const OpenNI2VideoMode getDepthVideoMode() [01;35m[Kthrow[m[K (OpenNI2Exception);
                                              [01;35m[K^~~~~[m[K
[01m[K/home/xy/simulation_ws/src/openni2_camera/openni2_camera/include/openni2_camera/openni2_device.h:114:59:[m[K [01;35m[Kwarning: [m[Kdynamic exception specifications are deprecated in C++11 [[01;35m[K-Wdeprecated[m[K]
   void setIRVideoMode(const OpenNI2VideoMode& video_mode) [01;35m[Kthrow[m[K (OpenNI2Exception);
                                                           [01;35m[K^~~~~[m[K
[01m[K/home/xy/simulation_ws/src/openni2_camera/openni2_camera/include/openni2_camera/openni2_device.h:115:62:[m[K [01;35m[Kwarning: [m[Kdynamic exception specifications are deprecated in C++11 [[01;35m[K-Wdeprecated[m[K]
   void setColorVideoMode(const OpenNI2VideoMode& video_mode) [01;35m[Kthrow[m[K (OpenNI2Exception);
                                                              [01;35m[K^~~~~[m[K
[01m[K/home/xy/simulation_ws/src/openni2_camera/openni2_camera/include/openni2_camera/openni2_device.h:116:62:[m[K [01;35m[Kwarning: [m[Kdynamic exception specifications are deprecated in C++11 [[01;35m[K-Wdeprecated[m[K]
   void setDepthVideoMode(const OpenNI2VideoMode& video_mode) [01;35m[Kthrow[m[K (OpenNI2Exception);
                                                              [01;35m[K^~~~~[m[K
[01m[K/home/xy/simulation_ws/src/openni2_camera/openni2_camera/include/openni2_camera/openni2_device.h:127:37:[m[K [01;35m[Kwarning: [m[Kdynamic exception specifications are deprecated in C++11 [[01;35m[K-Wdeprecated[m[K]
   void setAutoExposure(bool enable) [01;35m[Kthrow[m[K (OpenNI2Exception);
                                     [01;35m[K^~~~~[m[K
[01m[K/home/xy/simulation_ws/src/openni2_camera/openni2_camera/include/openni2_camera/openni2_device.h:128:41:[m[K [01;35m[Kwarning: [m[Kdynamic exception specifications are deprecated in C++11 [[01;35m[K-Wdeprecated[m[K]
   void setAutoWhiteBalance(bool enable) [01;35m[Kthrow[m[K (OpenNI2Exception);
                                         [01;35m[K^~~~~[m[K
[01m[K/home/xy/simulation_ws/src/openni2_camera/openni2_camera/include/openni2_camera/openni2_device.h:129:34:[m[K [01;35m[Kwarning: [m[Kdynamic exception specifications are deprecated in C++11 [[01;35m[K-Wdeprecated[m[K]
   void setExposure(int exposure) [01;35m[Kthrow[m[K (OpenNI2Exception);
                                  [01;35m[K^~~~~[m[K
[01m[K/home/xy/simulation_ws/src/openni2_camera/openni2_camera/include/openni2_camera/openni2_device.h:140:67:[m[K [01;35m[Kwarning: [m[Kdynamic exception specifications are deprecated in C++11 [[01;35m[K-Wdeprecated[m[K]
   boost::shared_ptr<openni::VideoStream> getIRVideoStream() const [01;35m[Kthrow[m[K (OpenNI2Exception);
                                                                   [01;35m[K^~~~~[m[K
[01m[K/home/xy/simulation_ws/src/openni2_camera/openni2_camera/include/openni2_camera/openni2_device.h:141:70:[m[K [01;35m[Kwarning: [m[Kdynamic exception specifications are deprecated in C++11 [[01;35m[K-Wdeprecated[m[K]
   boost::shared_ptr<openni::VideoStream> getColorVideoStream() const [01;35m[Kthrow[m[K (OpenNI2Exception);
                                                                      [01;35m[K^~~~~[m[K
[01m[K/home/xy/simulation_ws/src/openni2_camera/openni2_camera/include/openni2_camera/openni2_device.h:142:70:[m[K [01;35m[Kwarning: [m[Kdynamic exception specifications are deprecated in C++11 [[01;35m[K-Wdeprecated[m[K]
   boost::shared_ptr<openni::VideoStream> getDepthVideoStream() const [01;35m[Kthrow[m[K (OpenNI2Exception);
                                                                      [01;35m[K^~~~~[m[K
In file included from [01m[K/home/xy/simulation_ws/src/openni2_camera/openni2_camera/ros/openni2_camera_node.cpp:32:0[m[K:
[01m[K/home/xy/simulation_ws/src/openni2_camera/openni2_camera/include/openni2_camera/openni2_driver.h:84:62:[m[K [01;35m[Kwarning: [m[Kdynamic exception specifications are deprecated in C++11 [[01;35m[K-Wdeprecated[m[K]
   std::string resolveDeviceURI(const std::string& device_id) [01;35m[Kthrow[m[K(OpenNI2Exception);
                                                              [01;35m[K^~~~~[m[K
[ 93%] [32m[1mLinking CXX executable /home/xy/simulation_ws/devel/.private/openni2_camera/lib/openni2_camera/openni2_camera_node[0m
[35m[1mScanning dependencies of target openni2_camera_nodelet[0m
[ 96%] [32mBuilding CXX object CMakeFiles/openni2_camera_nodelet.dir/ros/openni2_camera_nodelet.cpp.o[0m
[ 96%] Built target openni2_camera_node
In file included from [01m[K/home/xy/simulation_ws/src/openni2_camera/openni2_camera/include/openni2_camera/openni2_driver.h:52:0[m[K,
                 from [01m[K/home/xy/simulation_ws/src/openni2_camera/openni2_camera/ros/openni2_camera_nodelet.cpp:32[m[K:
[01m[K/home/xy/simulation_ws/src/openni2_camera/openni2_camera/include/openni2_camera/openni2_device.h:67:48:[m[K [01;35m[Kwarning: [m[Kdynamic exception specifications are deprecated in C++11 [[01;35m[K-Wdeprecated[m[K]
   OpenNI2Device(const std::string& device_URI) [01;35m[Kthrow[m[K (OpenNI2Exception);
                                                [01;35m[K^~~~~[m[K
[01m[K/home/xy/simulation_ws/src/openni2_camera/openni2_camera/include/openni2_camera/openni2_device.h:99:47:[m[K [01;35m[Kwarning: [m[Kdynamic exception specifications are deprecated in C++11 [[01;35m[K-Wdeprecated[m[K]
   void setImageRegistrationMode(bool enabled) [01;35m[Kthrow[m[K (OpenNI2Exception);
                                               [01;35m[K^~~~~[m[K
[01m[K/home/xy/simulation_ws/src/openni2_camera/openni2_camera/include/openni2_camera/openni2_device.h:100:40:[m[K [01;35m[Kwarning: [m[Kdynamic exception specifications are deprecated in C++11 [[01;35m[K-Wdeprecated[m[K]
   void setDepthColorSync(bool enabled) [01;35m[Kthrow[m[K (OpenNI2Exception);
                                        [01;35m[K^~~~~[m[K
[01m[K/home/xy/simulation_ws/src/openni2_camera/openni2_camera/include/openni2_camera/openni2_device.h:102:43:[m[K [01;35m[Kwarning: [m[Kdynamic exception specifications are deprecated in C++11 [[01;35m[K-Wdeprecated[m[K]
   const OpenNI2VideoMode getIRVideoMode() [01;35m[Kthrow[m[K (OpenNI2Exception);
                                           [01;35m[K^~~~~[m[K
[01m[K/home/xy/simulation_ws/src/openni2_camera/openni2_camera/include/openni2_camera/openni2_device.h:103:46:[m[K [01;35m[Kwarning: [m[Kdynamic exception specifications are deprecated in C++11 [[01;35m[K-Wdeprecated[m[K]
   const OpenNI2VideoMode getColorVideoMode() [01;35m[Kthrow[m[K (OpenNI2Exception);
                                              [01;35m[K^~~~~[m[K
[01m[K/home/xy/simulation_ws/src/openni2_camera/openni2_camera/include/openni2_camera/openni2_device.h:104:46:[m[K [01;35m[Kwarning: [m[Kdynamic exception specifications are deprecated in C++11 [[01;35m[K-Wdeprecated[m[K]
   const OpenNI2VideoMode getDepthVideoMode() [01;35m[Kthrow[m[K (OpenNI2Exception);
                                              [01;35m[K^~~~~[m[K
[01m[K/home/xy/simulation_ws/src/openni2_camera/openni2_camera/include/openni2_camera/openni2_device.h:114:59:[m[K [01;35m[Kwarning: [m[Kdynamic exception specifications are deprecated in C++11 [[01;35m[K-Wdeprecated[m[K]
   void setIRVideoMode(const OpenNI2VideoMode& video_mode) [01;35m[Kthrow[m[K (OpenNI2Exception);
                                                           [01;35m[K^~~~~[m[K
[01m[K/home/xy/simulation_ws/src/openni2_camera/openni2_camera/include/openni2_camera/openni2_device.h:115:62:[m[K [01;35m[Kwarning: [m[Kdynamic exception specifications are deprecated in C++11 [[01;35m[K-Wdeprecated[m[K]
   void setColorVideoMode(const OpenNI2VideoMode& video_mode) [01;35m[Kthrow[m[K (OpenNI2Exception);
                                                              [01;35m[K^~~~~[m[K
[01m[K/home/xy/simulation_ws/src/openni2_camera/openni2_camera/include/openni2_camera/openni2_device.h:116:62:[m[K [01;35m[Kwarning: [m[Kdynamic exception specifications are deprecated in C++11 [[01;35m[K-Wdeprecated[m[K]
   void setDepthVideoMode(const OpenNI2VideoMode& video_mode) [01;35m[Kthrow[m[K (OpenNI2Exception);
                                                              [01;35m[K^~~~~[m[K
[01m[K/home/xy/simulation_ws/src/openni2_camera/openni2_camera/include/openni2_camera/openni2_device.h:127:37:[m[K [01;35m[Kwarning: [m[Kdynamic exception specifications are deprecated in C++11 [[01;35m[K-Wdeprecated[m[K]
   void setAutoExposure(bool enable) [01;35m[Kthrow[m[K (OpenNI2Exception);
                                     [01;35m[K^~~~~[m[K
[01m[K/home/xy/simulation_ws/src/openni2_camera/openni2_camera/include/openni2_camera/openni2_device.h:128:41:[m[K [01;35m[Kwarning: [m[Kdynamic exception specifications are deprecated in C++11 [[01;35m[K-Wdeprecated[m[K]
   void setAutoWhiteBalance(bool enable) [01;35m[Kthrow[m[K (OpenNI2Exception);
                                         [01;35m[K^~~~~[m[K
[01m[K/home/xy/simulation_ws/src/openni2_camera/openni2_camera/include/openni2_camera/openni2_device.h:129:34:[m[K [01;35m[Kwarning: [m[Kdynamic exception specifications are deprecated in C++11 [[01;35m[K-Wdeprecated[m[K]
   void setExposure(int exposure) [01;35m[Kthrow[m[K (OpenNI2Exception);
                                  [01;35m[K^~~~~[m[K
[01m[K/home/xy/simulation_ws/src/openni2_camera/openni2_camera/include/openni2_camera/openni2_device.h:140:67:[m[K [01;35m[Kwarning: [m[Kdynamic exception specifications are deprecated in C++11 [[01;35m[K-Wdeprecated[m[K]
   boost::shared_ptr<openni::VideoStream> getIRVideoStream() const [01;35m[Kthrow[m[K (OpenNI2Exception);
                                                                   [01;35m[K^~~~~[m[K
[01m[K/home/xy/simulation_ws/src/openni2_camera/openni2_camera/include/openni2_camera/openni2_device.h:141:70:[m[K [01;35m[Kwarning: [m[Kdynamic exception specifications are deprecated in C++11 [[01;35m[K-Wdeprecated[m[K]
   boost::shared_ptr<openni::VideoStream> getColorVideoStream() const [01;35m[Kthrow[m[K (OpenNI2Exception);
                                                                      [01;35m[K^~~~~[m[K
[01m[K/home/xy/simulation_ws/src/openni2_camera/openni2_camera/include/openni2_camera/openni2_device.h:142:70:[m[K [01;35m[Kwarning: [m[Kdynamic exception specifications are deprecated in C++11 [[01;35m[K-Wdeprecated[m[K]
   boost::shared_ptr<openni::VideoStream> getDepthVideoStream() const [01;35m[Kthrow[m[K (OpenNI2Exception);
                                                                      [01;35m[K^~~~~[m[K
In file included from [01m[K/home/xy/simulation_ws/src/openni2_camera/openni2_camera/ros/openni2_camera_nodelet.cpp:32:0[m[K:
[01m[K/home/xy/simulation_ws/src/openni2_camera/openni2_camera/include/openni2_camera/openni2_driver.h:84:62:[m[K [01;35m[Kwarning: [m[Kdynamic exception specifications are deprecated in C++11 [[01;35m[K-Wdeprecated[m[K]
   std::string resolveDeviceURI(const std::string& device_id) [01;35m[Kthrow[m[K(OpenNI2Exception);
                                                              [01;35m[K^~~~~[m[K
[100%] [32m[1mLinking CXX shared library /home/xy/simulation_ws/devel/.private/openni2_camera/lib/libopenni2_camera_nodelet.so[0m
[100%] Built target openni2_camera_nodelet
