Determining if the pthread_create exist failed with the following output:
Change Dir: /home/xy/simulation_ws/build/ecl_devices/CMakeFiles/CMakeTmp

Run Build Command:"/usr/bin/make" "cmTC_99e9f/fast"
/usr/bin/make -f CMakeFiles/cmTC_99e9f.dir/build.make CMakeFiles/cmTC_99e9f.dir/build
make[1]: Entering directory '/home/xy/simulation_ws/build/ecl_devices/CMakeFiles/CMakeTmp'
Building C object CMakeFiles/cmTC_99e9f.dir/CheckSymbolExists.c.o
/usr/bin/cc    -o CMakeFiles/cmTC_99e9f.dir/CheckSymbolExists.c.o   -c /home/xy/simulation_ws/build/ecl_devices/CMakeFiles/CMakeTmp/CheckSymbolExists.c
Linking C executable cmTC_99e9f
/usr/bin/cmake -E cmake_link_script CMakeFiles/cmTC_99e9f.dir/link.txt --verbose=1
/usr/bin/cc      -rdynamic CMakeFiles/cmTC_99e9f.dir/CheckSymbolExists.c.o  -o cmTC_99e9f 
CMakeFiles/cmTC_99e9f.dir/CheckSymbolExists.c.o: In function `main':
CheckSymbolExists.c:(.text+0x1b): undefined reference to `pthread_create'
collect2: error: ld returned 1 exit status
CMakeFiles/cmTC_99e9f.dir/build.make:97: recipe for target 'cmTC_99e9f' failed
make[1]: *** [cmTC_99e9f] Error 1
make[1]: Leaving directory '/home/xy/simulation_ws/build/ecl_devices/CMakeFiles/CMakeTmp'
Makefile:126: recipe for target 'cmTC_99e9f/fast' failed
make: *** [cmTC_99e9f/fast] Error 2

File /home/xy/simulation_ws/build/ecl_devices/CMakeFiles/CMakeTmp/CheckSymbolExists.c:
/* */
#include <pthread.h>

int main(int argc, char** argv)
{
  (void)argv;
#ifndef pthread_create
  return ((int*)(&pthread_create))[argc];
#else
  (void)argc;
  return 0;
#endif
}

Determining if the function pthread_create exists in the pthreads failed with the following output:
Change Dir: /home/xy/simulation_ws/build/ecl_devices/CMakeFiles/CMakeTmp

Run Build Command:"/usr/bin/make" "cmTC_9d105/fast"
/usr/bin/make -f CMakeFiles/cmTC_9d105.dir/build.make CMakeFiles/cmTC_9d105.dir/build
make[1]: Entering directory '/home/xy/simulation_ws/build/ecl_devices/CMakeFiles/CMakeTmp'
Building C object CMakeFiles/cmTC_9d105.dir/CheckFunctionExists.c.o
/usr/bin/cc   -DCHECK_FUNCTION_EXISTS=pthread_create   -o CMakeFiles/cmTC_9d105.dir/CheckFunctionExists.c.o   -c /usr/share/cmake-3.10/Modules/CheckFunctionExists.c
Linking C executable cmTC_9d105
/usr/bin/cmake -E cmake_link_script CMakeFiles/cmTC_9d105.dir/link.txt --verbose=1
/usr/bin/cc  -DCHECK_FUNCTION_EXISTS=pthread_create    -rdynamic CMakeFiles/cmTC_9d105.dir/CheckFunctionExists.c.o  -o cmTC_9d105 -lpthreads 
/usr/bin/ld: cannot find -lpthreads
collect2: error: ld returned 1 exit status
CMakeFiles/cmTC_9d105.dir/build.make:97: recipe for target 'cmTC_9d105' failed
make[1]: *** [cmTC_9d105] Error 1
make[1]: Leaving directory '/home/xy/simulation_ws/build/ecl_devices/CMakeFiles/CMakeTmp'
Makefile:126: recipe for target 'cmTC_9d105/fast' failed
make: *** [cmTC_9d105/fast] Error 2


