Determining if the pthread_create exist failed with the following output:
Change Dir: /home/xy/simulation_ws/build/ecl_math/CMakeFiles/CMakeTmp

Run Build Command:"/usr/bin/make" "cmTC_448db/fast"
/usr/bin/make -f CMakeFiles/cmTC_448db.dir/build.make CMakeFiles/cmTC_448db.dir/build
make[1]: Entering directory '/home/xy/simulation_ws/build/ecl_math/CMakeFiles/CMakeTmp'
Building C object CMakeFiles/cmTC_448db.dir/CheckSymbolExists.c.o
/usr/bin/cc    -o CMakeFiles/cmTC_448db.dir/CheckSymbolExists.c.o   -c /home/xy/simulation_ws/build/ecl_math/CMakeFiles/CMakeTmp/CheckSymbolExists.c
Linking C executable cmTC_448db
/usr/bin/cmake -E cmake_link_script CMakeFiles/cmTC_448db.dir/link.txt --verbose=1
/usr/bin/cc      -rdynamic CMakeFiles/cmTC_448db.dir/CheckSymbolExists.c.o  -o cmTC_448db 
CMakeFiles/cmTC_448db.dir/CheckSymbolExists.c.o: In function `main':
CheckSymbolExists.c:(.text+0x1b): undefined reference to `pthread_create'
collect2: error: ld returned 1 exit status
CMakeFiles/cmTC_448db.dir/build.make:97: recipe for target 'cmTC_448db' failed
make[1]: *** [cmTC_448db] Error 1
make[1]: Leaving directory '/home/xy/simulation_ws/build/ecl_math/CMakeFiles/CMakeTmp'
Makefile:126: recipe for target 'cmTC_448db/fast' failed
make: *** [cmTC_448db/fast] Error 2

File /home/xy/simulation_ws/build/ecl_math/CMakeFiles/CMakeTmp/CheckSymbolExists.c:
/* */
#include <pthread.h>

int main(int argc, char** argv)
{
  (void)argv;
#ifndef pthread_create
  return ((int*)(&pthread_create))[argc];
#else
  (void)argc;
  return 0;
#endif
}

Determining if the function pthread_create exists in the pthreads failed with the following output:
Change Dir: /home/xy/simulation_ws/build/ecl_math/CMakeFiles/CMakeTmp

Run Build Command:"/usr/bin/make" "cmTC_c187e/fast"
/usr/bin/make -f CMakeFiles/cmTC_c187e.dir/build.make CMakeFiles/cmTC_c187e.dir/build
make[1]: Entering directory '/home/xy/simulation_ws/build/ecl_math/CMakeFiles/CMakeTmp'
Building C object CMakeFiles/cmTC_c187e.dir/CheckFunctionExists.c.o
/usr/bin/cc   -DCHECK_FUNCTION_EXISTS=pthread_create   -o CMakeFiles/cmTC_c187e.dir/CheckFunctionExists.c.o   -c /usr/share/cmake-3.10/Modules/CheckFunctionExists.c
Linking C executable cmTC_c187e
/usr/bin/cmake -E cmake_link_script CMakeFiles/cmTC_c187e.dir/link.txt --verbose=1
/usr/bin/cc  -DCHECK_FUNCTION_EXISTS=pthread_create    -rdynamic CMakeFiles/cmTC_c187e.dir/CheckFunctionExists.c.o  -o cmTC_c187e -lpthreads 
/usr/bin/ld: cannot find -lpthreads
collect2: error: ld returned 1 exit status
CMakeFiles/cmTC_c187e.dir/build.make:97: recipe for target 'cmTC_c187e' failed
make[1]: *** [cmTC_c187e] Error 1
make[1]: Leaving directory '/home/xy/simulation_ws/build/ecl_math/CMakeFiles/CMakeTmp'
Makefile:126: recipe for target 'cmTC_c187e/fast' failed
make: *** [cmTC_c187e/fast] Error 2


