Determining if the pthread_create exist failed with the following output:
Change Dir: /home/xy/simulation_ws/build/pysdf/CMakeFiles/CMakeTmp

Run Build Command:"/usr/bin/make" "cmTC_c11b1/fast"
/usr/bin/make -f CMakeFiles/cmTC_c11b1.dir/build.make CMakeFiles/cmTC_c11b1.dir/build
make[1]: Entering directory '/home/xy/simulation_ws/build/pysdf/CMakeFiles/CMakeTmp'
Building C object CMakeFiles/cmTC_c11b1.dir/CheckSymbolExists.c.o
/usr/bin/cc    -o CMakeFiles/cmTC_c11b1.dir/CheckSymbolExists.c.o   -c /home/xy/simulation_ws/build/pysdf/CMakeFiles/CMakeTmp/CheckSymbolExists.c
Linking C executable cmTC_c11b1
/usr/bin/cmake -E cmake_link_script CMakeFiles/cmTC_c11b1.dir/link.txt --verbose=1
/usr/bin/cc      -rdynamic CMakeFiles/cmTC_c11b1.dir/CheckSymbolExists.c.o  -o cmTC_c11b1 
CMakeFiles/cmTC_c11b1.dir/CheckSymbolExists.c.o: In function `main':
CheckSymbolExists.c:(.text+0x1b): undefined reference to `pthread_create'
collect2: error: ld returned 1 exit status
CMakeFiles/cmTC_c11b1.dir/build.make:97: recipe for target 'cmTC_c11b1' failed
make[1]: *** [cmTC_c11b1] Error 1
make[1]: Leaving directory '/home/xy/simulation_ws/build/pysdf/CMakeFiles/CMakeTmp'
Makefile:126: recipe for target 'cmTC_c11b1/fast' failed
make: *** [cmTC_c11b1/fast] Error 2

File /home/xy/simulation_ws/build/pysdf/CMakeFiles/CMakeTmp/CheckSymbolExists.c:
/* */
#include <pthread.h>

int main(int argc, char** argv)
{
  (void)argv;
#ifndef pthread_create
  return ((int*)(&pthread_create))[argc];
#else
  (void)argc;
  return 0;
#endif
}

Determining if the function pthread_create exists in the pthreads failed with the following output:
Change Dir: /home/xy/simulation_ws/build/pysdf/CMakeFiles/CMakeTmp

Run Build Command:"/usr/bin/make" "cmTC_3338b/fast"
/usr/bin/make -f CMakeFiles/cmTC_3338b.dir/build.make CMakeFiles/cmTC_3338b.dir/build
make[1]: Entering directory '/home/xy/simulation_ws/build/pysdf/CMakeFiles/CMakeTmp'
Building C object CMakeFiles/cmTC_3338b.dir/CheckFunctionExists.c.o
/usr/bin/cc   -DCHECK_FUNCTION_EXISTS=pthread_create   -o CMakeFiles/cmTC_3338b.dir/CheckFunctionExists.c.o   -c /usr/share/cmake-3.10/Modules/CheckFunctionExists.c
Linking C executable cmTC_3338b
/usr/bin/cmake -E cmake_link_script CMakeFiles/cmTC_3338b.dir/link.txt --verbose=1
/usr/bin/cc  -DCHECK_FUNCTION_EXISTS=pthread_create    -rdynamic CMakeFiles/cmTC_3338b.dir/CheckFunctionExists.c.o  -o cmTC_3338b -lpthreads 
/usr/bin/ld: cannot find -lpthreads
collect2: error: ld returned 1 exit status
CMakeFiles/cmTC_3338b.dir/build.make:97: recipe for target 'cmTC_3338b' failed
make[1]: *** [cmTC_3338b] Error 1
make[1]: Leaving directory '/home/xy/simulation_ws/build/pysdf/CMakeFiles/CMakeTmp'
Makefile:126: recipe for target 'cmTC_3338b/fast' failed
make: *** [cmTC_3338b/fast] Error 2


