Determining if the pthread_create exist failed with the following output:
Change Dir: /home/xy/simulation_ws/build/openni2_launch/CMakeFiles/CMakeTmp

Run Build Command:"/usr/bin/make" "cmTC_a25ae/fast"
/usr/bin/make -f CMakeFiles/cmTC_a25ae.dir/build.make CMakeFiles/cmTC_a25ae.dir/build
make[1]: Entering directory '/home/xy/simulation_ws/build/openni2_launch/CMakeFiles/CMakeTmp'
Building C object CMakeFiles/cmTC_a25ae.dir/CheckSymbolExists.c.o
/usr/bin/cc    -o CMakeFiles/cmTC_a25ae.dir/CheckSymbolExists.c.o   -c /home/xy/simulation_ws/build/openni2_launch/CMakeFiles/CMakeTmp/CheckSymbolExists.c
Linking C executable cmTC_a25ae
/usr/bin/cmake -E cmake_link_script CMakeFiles/cmTC_a25ae.dir/link.txt --verbose=1
/usr/bin/cc      -rdynamic CMakeFiles/cmTC_a25ae.dir/CheckSymbolExists.c.o  -o cmTC_a25ae 
CMakeFiles/cmTC_a25ae.dir/CheckSymbolExists.c.o: In function `main':
CheckSymbolExists.c:(.text+0x1b): undefined reference to `pthread_create'
collect2: error: ld returned 1 exit status
CMakeFiles/cmTC_a25ae.dir/build.make:97: recipe for target 'cmTC_a25ae' failed
make[1]: *** [cmTC_a25ae] Error 1
make[1]: Leaving directory '/home/xy/simulation_ws/build/openni2_launch/CMakeFiles/CMakeTmp'
Makefile:126: recipe for target 'cmTC_a25ae/fast' failed
make: *** [cmTC_a25ae/fast] Error 2

File /home/xy/simulation_ws/build/openni2_launch/CMakeFiles/CMakeTmp/CheckSymbolExists.c:
/* */
#include <pthread.h>

int main(int argc, char** argv)
{
  (void)argv;
#ifndef pthread_create
  return ((int*)(&pthread_create))[argc];
#else
  (void)argc;
  return 0;
#endif
}

Determining if the function pthread_create exists in the pthreads failed with the following output:
Change Dir: /home/xy/simulation_ws/build/openni2_launch/CMakeFiles/CMakeTmp

Run Build Command:"/usr/bin/make" "cmTC_8fa8e/fast"
/usr/bin/make -f CMakeFiles/cmTC_8fa8e.dir/build.make CMakeFiles/cmTC_8fa8e.dir/build
make[1]: Entering directory '/home/xy/simulation_ws/build/openni2_launch/CMakeFiles/CMakeTmp'
Building C object CMakeFiles/cmTC_8fa8e.dir/CheckFunctionExists.c.o
/usr/bin/cc   -DCHECK_FUNCTION_EXISTS=pthread_create   -o CMakeFiles/cmTC_8fa8e.dir/CheckFunctionExists.c.o   -c /usr/share/cmake-3.10/Modules/CheckFunctionExists.c
Linking C executable cmTC_8fa8e
/usr/bin/cmake -E cmake_link_script CMakeFiles/cmTC_8fa8e.dir/link.txt --verbose=1
/usr/bin/cc  -DCHECK_FUNCTION_EXISTS=pthread_create    -rdynamic CMakeFiles/cmTC_8fa8e.dir/CheckFunctionExists.c.o  -o cmTC_8fa8e -lpthreads 
/usr/bin/ld: cannot find -lpthreads
collect2: error: ld returned 1 exit status
CMakeFiles/cmTC_8fa8e.dir/build.make:97: recipe for target 'cmTC_8fa8e' failed
make[1]: *** [cmTC_8fa8e] Error 1
make[1]: Leaving directory '/home/xy/simulation_ws/build/openni2_launch/CMakeFiles/CMakeTmp'
Makefile:126: recipe for target 'cmTC_8fa8e/fast' failed
make: *** [cmTC_8fa8e/fast] Error 2


