Linked: (/home/xy/simulation_ws/devel/.private/my_gazebo/lib/libROSProximityRayPlugin.so, /home/xy/simulation_ws/devel/lib/libROSProximityRayPlugin.so)
Linked: (/home/xy/simulation_ws/devel/.private/my_gazebo/lib/libROSConveyorBeltPlugin.so, /home/xy/simulation_ws/devel/lib/libROSConveyorBeltPlugin.so)
Linked: (/home/xy/simulation_ws/devel/.private/my_gazebo/lib/liburdf_creator.so, /home/xy/simulation_ws/devel/lib/liburdf_creator.so)
Linked: (/home/xy/simulation_ws/devel/.private/my_gazebo/lib/libObjectDisposalPlugin.so, /home/xy/simulation_ws/devel/lib/libObjectDisposalPlugin.so)
Linked: (/home/xy/simulation_ws/devel/.private/my_gazebo/lib/libSideContactPlugin.so, /home/xy/simulation_ws/devel/lib/libSideContactPlugin.so)
Linked: (/home/xy/simulation_ws/devel/.private/my_gazebo/lib/libROSLogicalCameraPlugin.so, /home/xy/simulation_ws/devel/lib/libROSLogicalCameraPlugin.so)
Linked: (/home/xy/simulation_ws/devel/.private/my_gazebo/lib/libConveyorBeltPlugin.so, /home/xy/simulation_ws/devel/lib/libConveyorBeltPlugin.so)
Linked: (/home/xy/simulation_ws/devel/.private/my_gazebo/lib/libProximityRayPlugin.so, /home/xy/simulation_ws/devel/lib/libProximityRayPlugin.so)
Linked: (/home/xy/simulation_ws/devel/.private/my_gazebo/lib/libROSVacuumGripperPlugin.so, /home/xy/simulation_ws/devel/lib/libROSVacuumGripperPlugin.so)
Linked: (/home/xy/simulation_ws/devel/.private/my_gazebo/lib/libVacuumGripperPlugin.so, /home/xy/simulation_ws/devel/lib/libVacuumGripperPlugin.so)
Linked: (/home/xy/simulation_ws/devel/.private/my_gazebo/lib/libconveyor_spawner.so, /home/xy/simulation_ws/devel/lib/libconveyor_spawner.so)
Linked: (/home/xy/simulation_ws/devel/.private/my_gazebo/lib/pkgconfig/my_gazebo.pc, /home/xy/simulation_ws/devel/lib/pkgconfig/my_gazebo.pc)
Linked: (/home/xy/simulation_ws/devel/.private/my_gazebo/lib/my_gazebo/urdf_creator_test_node, /home/xy/simulation_ws/devel/lib/my_gazebo/urdf_creator_test_node)
Linked: (/home/xy/simulation_ws/devel/.private/my_gazebo/lib/my_gazebo/conveyor_spawner_node, /home/xy/simulation_ws/devel/lib/my_gazebo/conveyor_spawner_node)
Linked: (/home/xy/simulation_ws/devel/.private/my_gazebo/lib/python2.7/dist-packages/my_gazebo/__init__.py, /home/xy/simulation_ws/devel/lib/python2.7/dist-packages/my_gazebo/__init__.py)
Linked: (/home/xy/simulation_ws/devel/.private/my_gazebo/lib/python2.7/dist-packages/my_gazebo/srv/_VacuumGripperControl.py, /home/xy/simulation_ws/devel/lib/python2.7/dist-packages/my_gazebo/srv/_VacuumGripperControl.py)
Linked: (/home/xy/simulation_ws/devel/.private/my_gazebo/lib/python2.7/dist-packages/my_gazebo/srv/__init__.py, /home/xy/simulation_ws/devel/lib/python2.7/dist-packages/my_gazebo/srv/__init__.py)
Linked: (/home/xy/simulation_ws/devel/.private/my_gazebo/lib/python2.7/dist-packages/my_gazebo/srv/_ConveyorBeltControl.py, /home/xy/simulation_ws/devel/lib/python2.7/dist-packages/my_gazebo/srv/_ConveyorBeltControl.py)
Linked: (/home/xy/simulation_ws/devel/.private/my_gazebo/lib/python2.7/dist-packages/my_gazebo/msg/_LogicalCameraImage.py, /home/xy/simulation_ws/devel/lib/python2.7/dist-packages/my_gazebo/msg/_LogicalCameraImage.py)
Linked: (/home/xy/simulation_ws/devel/.private/my_gazebo/lib/python2.7/dist-packages/my_gazebo/msg/_Model.py, /home/xy/simulation_ws/devel/lib/python2.7/dist-packages/my_gazebo/msg/_Model.py)
Linked: (/home/xy/simulation_ws/devel/.private/my_gazebo/lib/python2.7/dist-packages/my_gazebo/msg/_ConveyorBeltState.py, /home/xy/simulation_ws/devel/lib/python2.7/dist-packages/my_gazebo/msg/_ConveyorBeltState.py)
Linked: (/home/xy/simulation_ws/devel/.private/my_gazebo/lib/python2.7/dist-packages/my_gazebo/msg/_VacuumGripperState.py, /home/xy/simulation_ws/devel/lib/python2.7/dist-packages/my_gazebo/msg/_VacuumGripperState.py)
Linked: (/home/xy/simulation_ws/devel/.private/my_gazebo/lib/python2.7/dist-packages/my_gazebo/msg/_Proximity.py, /home/xy/simulation_ws/devel/lib/python2.7/dist-packages/my_gazebo/msg/_Proximity.py)
Linked: (/home/xy/simulation_ws/devel/.private/my_gazebo/lib/python2.7/dist-packages/my_gazebo/msg/__init__.py, /home/xy/simulation_ws/devel/lib/python2.7/dist-packages/my_gazebo/msg/__init__.py)
Linked: (/home/xy/simulation_ws/devel/.private/my_gazebo/share/my_gazebo/cmake/my_gazeboConfig.cmake, /home/xy/simulation_ws/devel/share/my_gazebo/cmake/my_gazeboConfig.cmake)
Linked: (/home/xy/simulation_ws/devel/.private/my_gazebo/share/my_gazebo/cmake/my_gazeboConfig-version.cmake, /home/xy/simulation_ws/devel/share/my_gazebo/cmake/my_gazeboConfig-version.cmake)
Linked: (/home/xy/simulation_ws/devel/.private/my_gazebo/share/my_gazebo/cmake/my_gazebo-msg-paths.cmake, /home/xy/simulation_ws/devel/share/my_gazebo/cmake/my_gazebo-msg-paths.cmake)
Linked: (/home/xy/simulation_ws/devel/.private/my_gazebo/share/my_gazebo/cmake/my_gazebo-msg-extras.cmake, /home/xy/simulation_ws/devel/share/my_gazebo/cmake/my_gazebo-msg-extras.cmake)
Linked: (/home/xy/simulation_ws/devel/.private/my_gazebo/share/roseus/ros/my_gazebo/manifest.l, /home/xy/simulation_ws/devel/share/roseus/ros/my_gazebo/manifest.l)
Linked: (/home/xy/simulation_ws/devel/.private/my_gazebo/share/roseus/ros/my_gazebo/srv/VacuumGripperControl.l, /home/xy/simulation_ws/devel/share/roseus/ros/my_gazebo/srv/VacuumGripperControl.l)
Linked: (/home/xy/simulation_ws/devel/.private/my_gazebo/share/roseus/ros/my_gazebo/srv/ConveyorBeltControl.l, /home/xy/simulation_ws/devel/share/roseus/ros/my_gazebo/srv/ConveyorBeltControl.l)
Linked: (/home/xy/simulation_ws/devel/.private/my_gazebo/share/roseus/ros/my_gazebo/msg/ConveyorBeltState.l, /home/xy/simulation_ws/devel/share/roseus/ros/my_gazebo/msg/ConveyorBeltState.l)
Linked: (/home/xy/simulation_ws/devel/.private/my_gazebo/share/roseus/ros/my_gazebo/msg/VacuumGripperState.l, /home/xy/simulation_ws/devel/share/roseus/ros/my_gazebo/msg/VacuumGripperState.l)
Linked: (/home/xy/simulation_ws/devel/.private/my_gazebo/share/roseus/ros/my_gazebo/msg/Proximity.l, /home/xy/simulation_ws/devel/share/roseus/ros/my_gazebo/msg/Proximity.l)
Linked: (/home/xy/simulation_ws/devel/.private/my_gazebo/share/roseus/ros/my_gazebo/msg/Model.l, /home/xy/simulation_ws/devel/share/roseus/ros/my_gazebo/msg/Model.l)
Linked: (/home/xy/simulation_ws/devel/.private/my_gazebo/share/roseus/ros/my_gazebo/msg/LogicalCameraImage.l, /home/xy/simulation_ws/devel/share/roseus/ros/my_gazebo/msg/LogicalCameraImage.l)
Linked: (/home/xy/simulation_ws/devel/.private/my_gazebo/share/gennodejs/ros/my_gazebo/_index.js, /home/xy/simulation_ws/devel/share/gennodejs/ros/my_gazebo/_index.js)
Linked: (/home/xy/simulation_ws/devel/.private/my_gazebo/share/gennodejs/ros/my_gazebo/srv/_index.js, /home/xy/simulation_ws/devel/share/gennodejs/ros/my_gazebo/srv/_index.js)
Linked: (/home/xy/simulation_ws/devel/.private/my_gazebo/share/gennodejs/ros/my_gazebo/srv/VacuumGripperControl.js, /home/xy/simulation_ws/devel/share/gennodejs/ros/my_gazebo/srv/VacuumGripperControl.js)
Linked: (/home/xy/simulation_ws/devel/.private/my_gazebo/share/gennodejs/ros/my_gazebo/srv/ConveyorBeltControl.js, /home/xy/simulation_ws/devel/share/gennodejs/ros/my_gazebo/srv/ConveyorBeltControl.js)
Linked: (/home/xy/simulation_ws/devel/.private/my_gazebo/share/gennodejs/ros/my_gazebo/msg/VacuumGripperState.js, /home/xy/simulation_ws/devel/share/gennodejs/ros/my_gazebo/msg/VacuumGripperState.js)
Linked: (/home/xy/simulation_ws/devel/.private/my_gazebo/share/gennodejs/ros/my_gazebo/msg/_index.js, /home/xy/simulation_ws/devel/share/gennodejs/ros/my_gazebo/msg/_index.js)
Linked: (/home/xy/simulation_ws/devel/.private/my_gazebo/share/gennodejs/ros/my_gazebo/msg/LogicalCameraImage.js, /home/xy/simulation_ws/devel/share/gennodejs/ros/my_gazebo/msg/LogicalCameraImage.js)
Linked: (/home/xy/simulation_ws/devel/.private/my_gazebo/share/gennodejs/ros/my_gazebo/msg/Model.js, /home/xy/simulation_ws/devel/share/gennodejs/ros/my_gazebo/msg/Model.js)
Linked: (/home/xy/simulation_ws/devel/.private/my_gazebo/share/gennodejs/ros/my_gazebo/msg/Proximity.js, /home/xy/simulation_ws/devel/share/gennodejs/ros/my_gazebo/msg/Proximity.js)
Linked: (/home/xy/simulation_ws/devel/.private/my_gazebo/share/gennodejs/ros/my_gazebo/msg/ConveyorBeltState.js, /home/xy/simulation_ws/devel/share/gennodejs/ros/my_gazebo/msg/ConveyorBeltState.js)
Linked: (/home/xy/simulation_ws/devel/.private/my_gazebo/share/common-lisp/ros/my_gazebo/srv/ConveyorBeltControl.lisp, /home/xy/simulation_ws/devel/share/common-lisp/ros/my_gazebo/srv/ConveyorBeltControl.lisp)
Linked: (/home/xy/simulation_ws/devel/.private/my_gazebo/share/common-lisp/ros/my_gazebo/srv/_package.lisp, /home/xy/simulation_ws/devel/share/common-lisp/ros/my_gazebo/srv/_package.lisp)
Linked: (/home/xy/simulation_ws/devel/.private/my_gazebo/share/common-lisp/ros/my_gazebo/srv/_package_ConveyorBeltControl.lisp, /home/xy/simulation_ws/devel/share/common-lisp/ros/my_gazebo/srv/_package_ConveyorBeltControl.lisp)
Linked: (/home/xy/simulation_ws/devel/.private/my_gazebo/share/common-lisp/ros/my_gazebo/srv/VacuumGripperControl.lisp, /home/xy/simulation_ws/devel/share/common-lisp/ros/my_gazebo/srv/VacuumGripperControl.lisp)
Linked: (/home/xy/simulation_ws/devel/.private/my_gazebo/share/common-lisp/ros/my_gazebo/srv/my_gazebo-srv.asd, /home/xy/simulation_ws/devel/share/common-lisp/ros/my_gazebo/srv/my_gazebo-srv.asd)
Linked: (/home/xy/simulation_ws/devel/.private/my_gazebo/share/common-lisp/ros/my_gazebo/srv/_package_VacuumGripperControl.lisp, /home/xy/simulation_ws/devel/share/common-lisp/ros/my_gazebo/srv/_package_VacuumGripperControl.lisp)
Linked: (/home/xy/simulation_ws/devel/.private/my_gazebo/share/common-lisp/ros/my_gazebo/msg/Model.lisp, /home/xy/simulation_ws/devel/share/common-lisp/ros/my_gazebo/msg/Model.lisp)
Linked: (/home/xy/simulation_ws/devel/.private/my_gazebo/share/common-lisp/ros/my_gazebo/msg/VacuumGripperState.lisp, /home/xy/simulation_ws/devel/share/common-lisp/ros/my_gazebo/msg/VacuumGripperState.lisp)
Linked: (/home/xy/simulation_ws/devel/.private/my_gazebo/share/common-lisp/ros/my_gazebo/msg/ConveyorBeltState.lisp, /home/xy/simulation_ws/devel/share/common-lisp/ros/my_gazebo/msg/ConveyorBeltState.lisp)
Linked: (/home/xy/simulation_ws/devel/.private/my_gazebo/share/common-lisp/ros/my_gazebo/msg/Proximity.lisp, /home/xy/simulation_ws/devel/share/common-lisp/ros/my_gazebo/msg/Proximity.lisp)
Linked: (/home/xy/simulation_ws/devel/.private/my_gazebo/share/common-lisp/ros/my_gazebo/msg/my_gazebo-msg.asd, /home/xy/simulation_ws/devel/share/common-lisp/ros/my_gazebo/msg/my_gazebo-msg.asd)
Linked: (/home/xy/simulation_ws/devel/.private/my_gazebo/share/common-lisp/ros/my_gazebo/msg/_package.lisp, /home/xy/simulation_ws/devel/share/common-lisp/ros/my_gazebo/msg/_package.lisp)
Linked: (/home/xy/simulation_ws/devel/.private/my_gazebo/share/common-lisp/ros/my_gazebo/msg/LogicalCameraImage.lisp, /home/xy/simulation_ws/devel/share/common-lisp/ros/my_gazebo/msg/LogicalCameraImage.lisp)
Linked: (/home/xy/simulation_ws/devel/.private/my_gazebo/share/common-lisp/ros/my_gazebo/msg/_package_VacuumGripperState.lisp, /home/xy/simulation_ws/devel/share/common-lisp/ros/my_gazebo/msg/_package_VacuumGripperState.lisp)
Linked: (/home/xy/simulation_ws/devel/.private/my_gazebo/share/common-lisp/ros/my_gazebo/msg/_package_ConveyorBeltState.lisp, /home/xy/simulation_ws/devel/share/common-lisp/ros/my_gazebo/msg/_package_ConveyorBeltState.lisp)
Linked: (/home/xy/simulation_ws/devel/.private/my_gazebo/share/common-lisp/ros/my_gazebo/msg/_package_LogicalCameraImage.lisp, /home/xy/simulation_ws/devel/share/common-lisp/ros/my_gazebo/msg/_package_LogicalCameraImage.lisp)
Linked: (/home/xy/simulation_ws/devel/.private/my_gazebo/share/common-lisp/ros/my_gazebo/msg/_package_Model.lisp, /home/xy/simulation_ws/devel/share/common-lisp/ros/my_gazebo/msg/_package_Model.lisp)
Linked: (/home/xy/simulation_ws/devel/.private/my_gazebo/share/common-lisp/ros/my_gazebo/msg/_package_Proximity.lisp, /home/xy/simulation_ws/devel/share/common-lisp/ros/my_gazebo/msg/_package_Proximity.lisp)
Linked: (/home/xy/simulation_ws/devel/.private/my_gazebo/include/my_gazebo/VacuumGripperControlResponse.h, /home/xy/simulation_ws/devel/include/my_gazebo/VacuumGripperControlResponse.h)
Linked: (/home/xy/simulation_ws/devel/.private/my_gazebo/include/my_gazebo/LogicalCameraImage.h, /home/xy/simulation_ws/devel/include/my_gazebo/LogicalCameraImage.h)
Linked: (/home/xy/simulation_ws/devel/.private/my_gazebo/include/my_gazebo/VacuumGripperState.h, /home/xy/simulation_ws/devel/include/my_gazebo/VacuumGripperState.h)
Linked: (/home/xy/simulation_ws/devel/.private/my_gazebo/include/my_gazebo/VacuumGripperControlRequest.h, /home/xy/simulation_ws/devel/include/my_gazebo/VacuumGripperControlRequest.h)
Linked: (/home/xy/simulation_ws/devel/.private/my_gazebo/include/my_gazebo/Model.h, /home/xy/simulation_ws/devel/include/my_gazebo/Model.h)
Linked: (/home/xy/simulation_ws/devel/.private/my_gazebo/include/my_gazebo/Proximity.h, /home/xy/simulation_ws/devel/include/my_gazebo/Proximity.h)
Linked: (/home/xy/simulation_ws/devel/.private/my_gazebo/include/my_gazebo/ConveyorBeltControlResponse.h, /home/xy/simulation_ws/devel/include/my_gazebo/ConveyorBeltControlResponse.h)
Linked: (/home/xy/simulation_ws/devel/.private/my_gazebo/include/my_gazebo/ConveyorBeltState.h, /home/xy/simulation_ws/devel/include/my_gazebo/ConveyorBeltState.h)
Linked: (/home/xy/simulation_ws/devel/.private/my_gazebo/include/my_gazebo/ConveyorBeltControl.h, /home/xy/simulation_ws/devel/include/my_gazebo/ConveyorBeltControl.h)
Linked: (/home/xy/simulation_ws/devel/.private/my_gazebo/include/my_gazebo/ConveyorBeltControlRequest.h, /home/xy/simulation_ws/devel/include/my_gazebo/ConveyorBeltControlRequest.h)
Linked: (/home/xy/simulation_ws/devel/.private/my_gazebo/include/my_gazebo/VacuumGripperControl.h, /home/xy/simulation_ws/devel/include/my_gazebo/VacuumGripperControl.h)
