[  0%] Built target _my_gazebo_generate_messages_check_deps_VacuumGripperControl
[  0%] Built target _my_gazebo_generate_messages_check_deps_LogicalCameraImage
[  0%] Built target _my_gazebo_generate_messages_check_deps_Proximity
[  0%] Built target _my_gazebo_generate_messages_check_deps_VacuumGripperState
[  0%] Built target std_msgs_generate_messages_nodejs
[  0%] Built target geometry_msgs_generate_messages_nodejs
[  0%] Built target _my_gazebo_generate_messages_check_deps_ConveyorBeltControl
[  0%] Built target geometry_msgs_generate_messages_py
[  0%] Built target _my_gazebo_generate_messages_check_deps_Model
[  0%] Built target _my_gazebo_generate_messages_check_deps_ConveyorBeltState
[  0%] Built target std_msgs_generate_messages_py
[  0%] Built target geometry_msgs_generate_messages_eus
[  0%] Built target std_msgs_generate_messages_eus
[  0%] Built target geometry_msgs_generate_messages_cpp
[  0%] Built target std_msgs_generate_messages_cpp
[  0%] Built target std_msgs_generate_messages_lisp
[  0%] Built target geometry_msgs_generate_messages_lisp
[  3%] Built target urdf_creator
[  6%] Built target SideContactPlugin
[  9%] Built target ProximityRayPlugin
[ 12%] Built target VacuumGripperPlugin
[ 23%] Built target my_gazebo_generate_messages_nodejs
[ 48%] Built target my_gazebo_generate_messages_eus
[ 50%] Built target my_gazebo_generate_messages_py
[ 60%] Built target my_gazebo_generate_messages_cpp
[ 71%] Built target my_gazebo_generate_messages_lisp
[ 75%] Built target ConveyorBeltPlugin
[ 78%] Built target ObjectDisposalPlugin
[ 81%] Built target urdf_creator_test_node
[ 84%] Built target conveyor_spawner
[ 84%] Built target my_gazebo_generate_messages
[ 87%] Built target ROSProximityRayPlugin
[ 90%] Built target ROSLogicalCameraPlugin
[ 93%] Built target ROSConveyorBeltPlugin
[ 96%] Built target ROSVacuumGripperPlugin
[100%] Built target conveyor_spawner_node
