[  0%] Built target _my_gazebo_generate_messages_check_deps_Proximity
[  0%] Built target _my_gazebo_generate_messages_check_deps_LogicalCameraImage
[  0%] Built target _my_gazebo_generate_messages_check_deps_VacuumGripperControl
[  0%] Built target _my_gazebo_generate_messages_check_deps_VacuumGripperState
[  0%] Built target geometry_msgs_generate_messages_nodejs
[  0%] Built target std_msgs_generate_messages_nodejs
[  0%] Built target _my_gazebo_generate_messages_check_deps_ConveyorBeltControl
[  0%] Built target _my_gazebo_generate_messages_check_deps_Model
[  0%] Built target geometry_msgs_generate_messages_py
[  0%] Built target _my_gazebo_generate_messages_check_deps_ConveyorBeltState
[  0%] Built target std_msgs_generate_messages_py
[  0%] Built target geometry_msgs_generate_messages_eus
[  0%] Built target std_msgs_generate_messages_eus
[  0%] Built target geometry_msgs_generate_messages_cpp
[  0%] Built target std_msgs_generate_messages_cpp
[  0%] Built target geometry_msgs_generate_messages_lisp
[  0%] Built target std_msgs_generate_messages_lisp
[  3%] Built target SideContactPlugin
[  6%] Built target ProximityRayPlugin
[  9%] Built target urdf_creator
[ 20%] Built target my_gazebo_generate_messages_nodejs
[ 23%] Built target VacuumGripperPlugin
[ 37%] Built target my_gazebo_generate_messages_py
[ 50%] Built target my_gazebo_generate_messages_eus
[ 60%] Built target my_gazebo_generate_messages_cpp
[ 71%] Built target my_gazebo_generate_messages_lisp
[ 75%] Built target ObjectDisposalPlugin
[ 78%] Built target urdf_creator_test_node
[ 81%] Built target ConveyorBeltPlugin
[ 84%] Built target ROSVacuumGripperPlugin
[ 87%] Built target conveyor_spawner
[ 87%] Built target my_gazebo_generate_messages
[ 90%] Built target ROSProximityRayPlugin
[ 93%] Built target ROSLogicalCameraPlugin
[ 96%] Built target conveyor_spawner_node
[100%] Built target ROSConveyorBeltPlugin
