Determining if the pthread_create exist failed with the following output:
Change Dir: /home/xy/simulation_ws/build/my_utilities/CMakeFiles/CMakeTmp

Run Build Command:"/usr/bin/make" "cmTC_4807c/fast"
/usr/bin/make -f CMakeFiles/cmTC_4807c.dir/build.make CMakeFiles/cmTC_4807c.dir/build
make[1]: Entering directory '/home/xy/simulation_ws/build/my_utilities/CMakeFiles/CMakeTmp'
Building C object CMakeFiles/cmTC_4807c.dir/CheckSymbolExists.c.o
/usr/bin/cc    -o CMakeFiles/cmTC_4807c.dir/CheckSymbolExists.c.o   -c /home/xy/simulation_ws/build/my_utilities/CMakeFiles/CMakeTmp/CheckSymbolExists.c
Linking C executable cmTC_4807c
/usr/bin/cmake -E cmake_link_script CMakeFiles/cmTC_4807c.dir/link.txt --verbose=1
/usr/bin/cc      -rdynamic CMakeFiles/cmTC_4807c.dir/CheckSymbolExists.c.o  -o cmTC_4807c 
CMakeFiles/cmTC_4807c.dir/CheckSymbolExists.c.o: In function `main':
CheckSymbolExists.c:(.text+0x1b): undefined reference to `pthread_create'
collect2: error: ld returned 1 exit status
CMakeFiles/cmTC_4807c.dir/build.make:97: recipe for target 'cmTC_4807c' failed
make[1]: *** [cmTC_4807c] Error 1
make[1]: Leaving directory '/home/xy/simulation_ws/build/my_utilities/CMakeFiles/CMakeTmp'
Makefile:126: recipe for target 'cmTC_4807c/fast' failed
make: *** [cmTC_4807c/fast] Error 2

File /home/xy/simulation_ws/build/my_utilities/CMakeFiles/CMakeTmp/CheckSymbolExists.c:
/* */
#include <pthread.h>

int main(int argc, char** argv)
{
  (void)argv;
#ifndef pthread_create
  return ((int*)(&pthread_create))[argc];
#else
  (void)argc;
  return 0;
#endif
}

Determining if the function pthread_create exists in the pthreads failed with the following output:
Change Dir: /home/xy/simulation_ws/build/my_utilities/CMakeFiles/CMakeTmp

Run Build Command:"/usr/bin/make" "cmTC_fe85a/fast"
/usr/bin/make -f CMakeFiles/cmTC_fe85a.dir/build.make CMakeFiles/cmTC_fe85a.dir/build
make[1]: Entering directory '/home/xy/simulation_ws/build/my_utilities/CMakeFiles/CMakeTmp'
Building C object CMakeFiles/cmTC_fe85a.dir/CheckFunctionExists.c.o
/usr/bin/cc   -DCHECK_FUNCTION_EXISTS=pthread_create   -o CMakeFiles/cmTC_fe85a.dir/CheckFunctionExists.c.o   -c /usr/share/cmake-3.10/Modules/CheckFunctionExists.c
Linking C executable cmTC_fe85a
/usr/bin/cmake -E cmake_link_script CMakeFiles/cmTC_fe85a.dir/link.txt --verbose=1
/usr/bin/cc  -DCHECK_FUNCTION_EXISTS=pthread_create    -rdynamic CMakeFiles/cmTC_fe85a.dir/CheckFunctionExists.c.o  -o cmTC_fe85a -lpthreads 
/usr/bin/ld: cannot find -lpthreads
collect2: error: ld returned 1 exit status
CMakeFiles/cmTC_fe85a.dir/build.make:97: recipe for target 'cmTC_fe85a' failed
make[1]: *** [cmTC_fe85a] Error 1
make[1]: Leaving directory '/home/xy/simulation_ws/build/my_utilities/CMakeFiles/CMakeTmp'
Makefile:126: recipe for target 'cmTC_fe85a/fast' failed
make: *** [cmTC_fe85a/fast] Error 2


